<?xml version="1.0" encoding="utf-8"?><testsuites name="pytest tests"><testsuite name="pytest" errors="0" failures="21" skipped="128" tests="2328" time="811.218" timestamp="2026-07-20T21:09:30.913826-03:00" hostname="CMTESASAKI"><testcase classname="tests.chaos.test_429_rate_limit.Test429RateLimit" name="test_pncp_429_is_rate_limited_checkpointed_no_watermark" time="0.071"><failure message="TypeError: ResilienceConfig.__init__() missing 4 required positional arguments: 'environment', 'execution_mode', 'state_root', and 'breaker_path'">tests/chaos/test_429_rate_limit.py:60: in test_pncp_429_is_rate_limited_checkpointed_no_watermark
    adapter = PNCPAdapter(_cfg(tmp_path), page_fetcher=fetcher)
                          ^^^^^^^^^^^^^^
tests/chaos/test_429_rate_limit.py:39: in _cfg
    return ResilienceConfig(**base)  # type: ignore[arg-type]
           ^^^^^^^^^^^^^^^^^^^^^^^^
E   TypeError: ResilienceConfig.__init__() missing 4 required positional arguments: 'environment', 'execution_mode', 'state_root', and 'breaker_path'</failure></testcase><testcase classname="tests.chaos.test_429_rate_limit.Test429RateLimit" name="test_pncp_429_sequence_opens_circuit_breaker" time="0.003"><failure message="TypeError: ResilienceConfig.__init__() missing 4 required positional arguments: 'environment', 'execution_mode', 'state_root', and 'breaker_path'">tests/chaos/test_429_rate_limit.py:91: in test_pncp_429_sequence_opens_circuit_breaker
    adapter = PNCPAdapter(_cfg(tmp_path, circuit_breaker_threshold=2), page_fetcher=fetcher)
                          ^^^^^^^^^^^^^^^^^^^^^^^^^^^^^^^^^^^^^^^^^^^
tests/chaos/test_429_rate_limit.py:39: in _cfg
    return ResilienceConfig(**base)  # type: ignore[arg-type]
           ^^^^^^^^^^^^^^^^^^^^^^^^
E   TypeError: ResilienceConfig.__init__() missing 4 required positional arguments: 'environment', 'execution_mode', 'state_root', and 'breaker_path'</failure></testcase><testcase classname="tests.chaos.test_429_rate_limit.Test429RateLimit" name="test_sc_compras_429_is_rate_limited_not_empty" time="0.003"><failure message="TypeError: ResilienceConfig.__init__() missing 4 required positional arguments: 'environment', 'execution_mode', 'state_root', and 'breaker_path'">tests/chaos/test_429_rate_limit.py:105: in test_sc_compras_429_is_rate_limited_not_empty
    adapter = ScComprasAdapter(_cfg(tmp_path), list_fetcher=list_fetcher)
                               ^^^^^^^^^^^^^^
tests/chaos/test_429_rate_limit.py:39: in _cfg
    return ResilienceConfig(**base)  # type: ignore[arg-type]
           ^^^^^^^^^^^^^^^^^^^^^^^^
E   TypeError: ResilienceConfig.__init__() missing 4 required positional arguments: 'environment', 'execution_mode', 'state_root', and 'breaker_path'</failure></testcase><testcase classname="tests.chaos.test_500_server_error.Test500ServerError" name="test_comprasgov_500_routes_to_dlq_after_retries" time="0.002" /><testcase classname="tests.chaos.test_500_server_error.Test500ServerError" name="test_comprasgov_500_exponential_backoff" time="0.002" /><testcase classname="tests.chaos.test_connection_reset.TestConnectionReset" name="test_connection_reset_routes_to_dlq" time="0.002" /><testcase classname="tests.chaos.test_connection_reset.TestConnectionReset" name="test_connection_reset_retries_with_backoff" time="0.002" /><testcase classname="tests.chaos.test_duplicate_injection.TestDuplicateInjection" name="test_duplicate_returns_unchanged" time="0.002" /><testcase classname="tests.chaos.test_duplicate_injection.TestDuplicateInjection" name="test_duplicate_updates_last_seen" time="0.002" /><testcase classname="tests.chaos.test_invalid_json.TestInvalidJson" name="test_truncated_json_routes_to_dlq" time="0.004" /><testcase classname="tests.chaos.test_invalid_json.TestInvalidJson" name="test_malformed_json_routes_to_dlq" time="0.002" /><testcase classname="tests.chaos.test_schema_drift.TestSchemaDrift" name="test_missing_required_field_routes_to_dlq" time="0.001" /><testcase classname="tests.chaos.test_schema_drift.TestSchemaDrift" name="test_changed_field_type_routes_to_dlq" time="0.002" /><testcase classname="tests.chaos.test_timeout.TestTimeout" name="test_connect_timeout_routes_to_dlq" time="0.002" /><testcase classname="tests.chaos.test_timeout.TestTimeout" name="test_read_timeout_routes_to_dlq" time="0.004" /><testcase classname="tests.chaos.test_upsert_failure.TestUpsertFailure" name="test_db_persist_failure_routes_to_dlq" time="0.002" /><testcase classname="tests.chaos.test_upsert_failure.TestUpsertFailure" name="test_db_connection_failure_routes_to_dlq" time="0.002" /><testcase classname="tests.integration.test_all_sql_references" name="test_all_sql_references_resolve" time="0.033" /><testcase classname="tests.integration.test_all_sql_references" name="test_known_schema_objects_are_not_empty" time="0.002" /><testcase classname="tests.integration.test_all_sql_references" name="test_critical_tables_exist_in_known" time="0.002" /><testcase classname="tests.integration.test_all_sql_references" name="test_canonical_views_exist_in_known" time="0.002" /><testcase classname="tests.integration.test_kill_resume.TestKillResume" name="test_normal_completion" time="0.002" /><testcase classname="tests.integration.test_kill_resume.TestKillResume" name="test_sigterm_mid_crawl" time="0.003" /><testcase classname="tests.integration.test_kill_resume.TestKillResume" name="test_resume_after_kill_no_duplicates" time="0.002" /><testcase classname="tests.integration.test_kill_resume.TestKillResume" name="test_multiple_kill_resume_cycles" time="0.002" /><testcase classname="tests.integration.test_kill_resume.TestKillResume" name="test_kill_during_dlq_write" time="0.002" /><testcase classname="tests.integration.test_migration_fresh_install" name="test_migration_files_exist" time="0.008" /><testcase classname="tests.integration.test_migration_fresh_install" name="test_migrations_have_lock_timeout" time="0.025" /><testcase classname="tests.integration.test_migration_fresh_install" name="test_migrations_have_rollback" time="0.053" /><testcase classname="tests.integration.test_migration_fresh_install" name="test_canonical_views_exist" time="0.002"><skipped type="pytest.skip" message="Set REQUIRE_TEST_DB=1 to validate a migrated isolated database">/mnt/d/extra consultoria/.worktrees/full-suite-main/tests/integration/test_migration_fresh_install.py:74: Set REQUIRE_TEST_DB=1 to validate a migrated isolated database</skipped></testcase><testcase classname="tests.integration.test_migration_fresh_install" name="test_match_logging_columns_exist" time="0.002"><skipped type="pytest.skip" message="Set REQUIRE_TEST_DB=1 to validate a migrated isolated database">/mnt/d/extra consultoria/.worktrees/full-suite-main/tests/integration/test_migration_fresh_install.py:74: Set REQUIRE_TEST_DB=1 to validate a migrated isolated database</skipped></testcase><testcase classname="tests.integration.test_migration_fresh_install" name="test_fk_constraints_exist" time="0.002"><skipped type="pytest.skip" message="Set REQUIRE_TEST_DB=1 to validate a migrated isolated database">/mnt/d/extra consultoria/.worktrees/full-suite-main/tests/integration/test_migration_fresh_install.py:74: Set REQUIRE_TEST_DB=1 to validate a migrated isolated database</skipped></testcase><testcase classname="tests.integration.test_migration_fresh_install" name="test_unique_cnpj_8_exists" time="0.002"><skipped type="pytest.skip" message="Set REQUIRE_TEST_DB=1 to validate a migrated isolated database">/mnt/d/extra consultoria/.worktrees/full-suite-main/tests/integration/test_migration_fresh_install.py:74: Set REQUIRE_TEST_DB=1 to validate a migrated isolated database</skipped></testcase><testcase classname="tests.integration.test_migration_fresh_install" name="test_upsert_functions_are_set_based" time="0.002"><skipped type="pytest.skip" message="Set REQUIRE_TEST_DB=1 to validate a migrated isolated database">/mnt/d/extra consultoria/.worktrees/full-suite-main/tests/integration/test_migration_fresh_install.py:74: Set REQUIRE_TEST_DB=1 to validate a migrated isolated database</skipped></testcase><testcase classname="tests.integration.test_migration_fresh_install" name="test_baseline_fingerprint" time="0.010" /><testcase classname="tests.integration.test_migration_fresh_install" name="test_supabase_archived" time="0.012" /><testcase classname="tests.scripts.test_monitoring.TestNotifyEmail" name="test_send_email_success" time="0.034" /><testcase classname="tests.scripts.test_monitoring.TestNotifyEmail" name="test_send_email_auth_failure" time="0.029" /><testcase classname="tests.scripts.test_monitoring.TestNotifyEmail" name="test_send_email_no_config" time="0.003" /><testcase classname="tests.scripts.test_monitoring.TestNotifyEmail" name="test_send_email_no_tls" time="0.029" /><testcase classname="tests.scripts.test_monitoring.TestNotifyWebhook" name="test_webhook_success" time="0.007" /><testcase classname="tests.scripts.test_monitoring.TestNotifyWebhook" name="test_webhook_http_error" time="0.002" /><testcase classname="tests.scripts.test_monitoring.TestNotifyWebhook" name="test_webhook_no_config" time="0.003" /><testcase classname="tests.scripts.test_monitoring.TestNotifyWebhook" name="test_webhook_url_override" time="0.004" /><testcase classname="tests.scripts.test_monitoring.TestNotifyDispatch" name="test_dispatch_all_channels" time="0.002" /><testcase classname="tests.scripts.test_monitoring.TestNotifyDispatch" name="test_dispatch_no_channels" time="0.002" /><testcase classname="tests.scripts.test_monitoring.TestNotifyDispatch" name="test_dispatch_channel_failure_continues" time="0.002" /><testcase classname="tests.scripts.test_monitoring.TestNotifyDispatch" name="test_dispatch_specific_channel" time="0.002" /><testcase classname="tests.scripts.test_monitoring.TestCollectMetrics" name="test_collect_crawl_metrics" time="0.003" /><testcase classname="tests.scripts.test_monitoring.TestCollectMetrics" name="test_collect_crawl_metrics_empty" time="0.003" /><testcase classname="tests.scripts.test_monitoring.TestCollectMetrics" name="test_collect_coverage_metrics" time="0.003" /><testcase classname="tests.scripts.test_monitoring.TestCollectMetrics" name="test_collect_backup_metrics_log_found" time="0.002" /><testcase classname="tests.scripts.test_monitoring.TestCollectMetrics" name="test_collect_backup_metrics_log_missing" time="0.002" /><testcase classname="tests.scripts.test_monitoring.TestCollectMetrics" name="test_collect_backup_metrics_log_empty" time="0.002" /><testcase classname="tests.scripts.test_monitoring.TestCollectMetrics" name="test_check_consecutive_failures" time="0.003" /><testcase classname="tests.scripts.test_monitoring.TestCollectMetrics" name="test_check_consecutive_failures_none" time="0.003" /><testcase classname="tests.scripts.test_monitoring.TestCheckAlerts" name="test_alert_registry" time="0.003" /><testcase classname="tests.scripts.test_monitoring.TestCheckAlerts" name="test_check_disk_warning" time="0.002" /><testcase classname="tests.scripts.test_monitoring.TestCheckAlerts" name="test_check_disk_critical" time="0.003" /><testcase classname="tests.scripts.test_monitoring.TestCheckAlerts" name="test_check_disk_ok" time="0.003" /><testcase classname="tests.scripts.test_monitoring.TestCheckAlerts" name="test_check_db_online_success" time="0.002" /><testcase classname="tests.scripts.test_monitoring.TestCheckAlerts" name="test_check_db_online_failure" time="0.002" /><testcase classname="tests.scripts.test_monitoring.TestCheckAlerts" name="test_check_storage_box_mounted" time="0.003" /><testcase classname="tests.scripts.test_monitoring.TestCheckAlerts" name="test_check_storage_box_not_mounted" time="0.002" /><testcase classname="tests.scripts.test_monitoring.TestCheckAlerts" name="test_check_backup_recent" time="0.002" /><testcase classname="tests.scripts.test_monitoring.TestCheckAlerts" name="test_check_backup_failed" time="0.002" /><testcase classname="tests.scripts.test_monitoring.TestCheckAlerts" name="test_check_api_keys_missing" time="0.003" /><testcase classname="tests.scripts.test_monitoring.TestCheckAlerts" name="test_check_api_keys_present" time="0.002" /><testcase classname="tests.scripts.test_monitoring.TestHealthDashboard" name="test_status_icon_known" time="0.002" /><testcase classname="tests.scripts.test_monitoring.TestHealthDashboard" name="test_status_icon_unknown" time="0.002" /><testcase classname="tests.scripts.test_monitoring.TestHealthDashboard" name="test_collect_system_health_checks" time="0.003" /><testcase classname="tests.scripts.test_monitoring.TestHealthDashboard" name="test_collect_crawl_stats_db_error" time="0.002" /><testcase classname="tests.scripts.test_monitoring.TestHealthDashboard" name="test_collect_alert_summary_subprocess" time="0.003" /><testcase classname="tests.scripts.test_monitoring.TestHealthDashboard" name="test_collect_alert_summary_not_found" time="0.002" /><testcase classname="tests.scripts.test_monitoring.TestHealthDashboard" name="test_collect_backup_status" time="0.002" /><testcase classname="tests.smoke.test_qw01_pncp_smoke" name="test_pncp_open_monitoring_smoke_is_fail_closed" time="0.002"><skipped type="pytest.skip" message="Set RUN_QW01_SMOKE=1 to call the real PNCP endpoint">/mnt/d/extra consultoria/.worktrees/full-suite-main/tests/smoke/test_qw01_pncp_smoke.py:18: Set RUN_QW01_SMOKE=1 to call the real PNCP endpoint</skipped></testcase><testcase classname="tests.smoke.test_smoke_contract_intel" name="test_smoke_target_universe_deterministic" time="0.410" /><testcase classname="tests.smoke.test_smoke_contract_intel" name="test_smoke_cli_seed_and_stats" time="0.469" /><testcase classname="tests.smoke.test_smoke_contract_intel" name="test_smoke_fetch_result_discrimination" time="0.002" /><testcase classname="tests.smoke.test_smoke_contract_intel" name="test_smoke_uf_never_defaults_to_sc" time="0.002" /><testcase classname="tests.smoke.test_smoke_contract_intel" name="test_smoke_checkpoint_idempotency" time="0.003" /><testcase classname="tests.smoke.test_smoke_contract_intel" name="test_smoke_sql_views_syntax" time="0.044" /><testcase classname="tests.smoke.test_smoke_contract_intel" name="test_smoke_geo_filter" time="0.002" /><testcase classname="tests.smoke.test_smoke_contract_intel" name="test_smoke_document_blockers" time="5.118" /><testcase classname="tests.smoke.test_smoke_sources.TestSourceConnectivity" name="test_module_imports[ciga_ckan]" time="0.002" /><testcase classname="tests.smoke.test_smoke_sources.TestSourceConnectivity" name="test_module_imports[compras_gov]" time="0.003" /><testcase classname="tests.smoke.test_smoke_sources.TestSourceConnectivity" name="test_module_imports[contracts]" time="0.002" /><testcase classname="tests.smoke.test_smoke_sources.TestSourceConnectivity" name="test_module_imports[doe_sc]" time="0.002" /><testcase classname="tests.smoke.test_smoke_sources.TestSourceConnectivity" name="test_module_imports[dom_sc]" time="0.036" /><testcase classname="tests.smoke.test_smoke_sources.TestSourceConnectivity" name="test_module_imports[mides_bigquery]" time="0.002" /><testcase classname="tests.smoke.test_smoke_sources.TestSourceConnectivity" name="test_module_imports[pcp]" time="0.002" /><testcase classname="tests.smoke.test_smoke_sources.TestSourceConnectivity" name="test_module_imports[pncp]" time="0.002" /><testcase classname="tests.smoke.test_smoke_sources.TestSourceConnectivity" name="test_module_imports[sc_compras]" time="0.002" /><testcase classname="tests.smoke.test_smoke_sources.TestSourceConnectivity" name="test_module_imports[tce_sc]" time="0.040" /><testcase classname="tests.smoke.test_smoke_sources.TestSourceConnectivity" name="test_module_imports[transparencia]" time="0.002" /><testcase classname="tests.smoke.test_smoke_sources.TestSourceConnectivity" name="test_credential_source_detected[doe_sc]" time="0.002" /><testcase classname="tests.smoke.test_smoke_sources.TestSourceConnectivity" name="test_credential_source_detected[dom_sc]" time="0.002" /><testcase classname="tests.smoke.test_smoke_sources.TestSourceConnectivity" name="test_credential_source_detected[mides_bigquery]" time="0.002" /><testcase classname="tests.smoke.test_smoke_sources.TestSourceDryRun" name="test_crawl_accepts_mode[ciga_ckan]" time="0.003" /><testcase classname="tests.smoke.test_smoke_sources.TestSourceDryRun" name="test_crawl_accepts_mode[compras_gov]" time="0.002" /><testcase classname="tests.smoke.test_smoke_sources.TestSourceDryRun" name="test_crawl_accepts_mode[contracts]" time="0.002" /><testcase classname="tests.smoke.test_smoke_sources.TestSourceDryRun" name="test_crawl_accepts_mode[pcp]" time="0.002" /><testcase classname="tests.smoke.test_smoke_sources.TestSourceDryRun" name="test_crawl_accepts_mode[pncp]" time="0.002" /><testcase classname="tests.smoke.test_smoke_sources.TestSourceDryRun" name="test_crawl_accepts_mode[sc_compras]" time="0.002" /><testcase classname="tests.smoke.test_smoke_sources.TestSourceDryRun" name="test_crawl_accepts_mode[tce_sc]" time="0.002" /><testcase classname="tests.smoke.test_smoke_sources.TestSourceDryRun" name="test_crawl_accepts_mode[transparencia]" time="0.002" /><testcase classname="tests.smoke.test_smoke_sources.TestTransformEmptyList" name="test_transform_empty_returns_list[ciga_ckan]" time="0.002" /><testcase classname="tests.smoke.test_smoke_sources.TestTransformEmptyList" name="test_transform_empty_returns_list[compras_gov]" time="0.002" /><testcase classname="tests.smoke.test_smoke_sources.TestTransformEmptyList" name="test_transform_empty_returns_list[contracts]" time="0.002" /><testcase classname="tests.smoke.test_smoke_sources.TestTransformEmptyList" name="test_transform_empty_returns_list[doe_sc]" time="0.002" /><testcase classname="tests.smoke.test_smoke_sources.TestTransformEmptyList" name="test_transform_empty_returns_list[dom_sc]" time="0.003" /><testcase classname="tests.smoke.test_smoke_sources.TestTransformEmptyList" name="test_transform_empty_returns_list[mides_bigquery]" time="0.002" /><testcase classname="tests.smoke.test_smoke_sources.TestTransformEmptyList" name="test_transform_empty_returns_list[pcp]" time="0.002" /><testcase classname="tests.smoke.test_smoke_sources.TestTransformEmptyList" name="test_transform_empty_returns_list[pncp]" time="0.002" /><testcase classname="tests.smoke.test_smoke_sources.TestTransformEmptyList" name="test_transform_empty_returns_list[sc_compras]" time="0.002" /><testcase classname="tests.smoke.test_smoke_sources.TestTransformEmptyList" name="test_transform_empty_returns_list[tce_sc]" time="0.002" /><testcase classname="tests.smoke.test_smoke_sources.TestTransformEmptyList" name="test_transform_empty_returns_list[transparencia]" time="0.002" /><testcase classname="tests.smoke.test_smoke_sources.TestPublicSourcesRealData" name="test_crawl_incremental_returns_data[pncp]" time="0.002"><skipped type="pytest.skip" message="Set RUN_EXTERNAL_SMOKE=1 to call real public sources">/mnt/d/extra consultoria/.worktrees/full-suite-main/tests/smoke/test_smoke_sources.py:147: Set RUN_EXTERNAL_SMOKE=1 to call real public sources</skipped></testcase><testcase classname="tests.smoke.test_smoke_sources.TestPublicSourcesRealData" name="test_crawl_incremental_returns_data[compras_gov]" time="0.002"><skipped type="pytest.skip" message="Set RUN_EXTERNAL_SMOKE=1 to call real public sources">/mnt/d/extra consultoria/.worktrees/full-suite-main/tests/smoke/test_smoke_sources.py:147: Set RUN_EXTERNAL_SMOKE=1 to call real public sources</skipped></testcase><testcase classname="tests.smoke.test_smoke_sources.TestPublicSourcesRealData" name="test_crawl_incremental_returns_data[tce_sc]" time="0.002"><skipped type="pytest.skip" message="Set RUN_EXTERNAL_SMOKE=1 to call real public sources">/mnt/d/extra consultoria/.worktrees/full-suite-main/tests/smoke/test_smoke_sources.py:147: Set RUN_EXTERNAL_SMOKE=1 to call real public sources</skipped></testcase><testcase classname="tests.test_act_classifier" name="test_categories_include_required_set" time="0.002" /><testcase classname="tests.test_act_classifier" name="test_output_schema_keys" time="0.002" /><testcase classname="tests.test_act_classifier" name="test_classifies_homologacao" time="0.003" /><testcase classname="tests.test_act_classifier" name="test_classifies_termo_aditivo" time="0.002" /><testcase classname="tests.test_act_classifier" name="test_classifies_ata_rp" time="0.002" /><testcase classname="tests.test_act_classifier" name="test_classifies_dispensa" time="0.002" /><testcase classname="tests.test_act_classifier" name="test_unknown_is_outros_or_nao_relacionado" time="0.002" /><testcase classname="tests.test_act_classifier" name="test_empty_text" time="0.002" /><testcase classname="tests.test_act_classifier" name="test_title_overrides_body_noise" time="0.002" /><testcase classname="tests.test_act_classifier" name="test_official_type_helps" time="0.002" /><testcase classname="tests.test_act_classifier" name="test_termo_aditivo_beats_extrato_contrato" time="0.003" /><testcase classname="tests.test_act_classifier" name="test_errata_separate_from_retificacao" time="0.002" /><testcase classname="tests.test_act_classifier" name="test_retificacao_requires_procurement_context" time="0.002" /><testcase classname="tests.test_act_classifier" name="test_suspensao_without_procurement_not_forced" time="0.002" /><testcase classname="tests.test_act_classifier" name="test_negative_nomeacao" time="0.003" /><testcase classname="tests.test_act_classifier" name="test_concurso_publico_nao_relacionado" time="0.002" /><testcase classname="tests.test_act_classifier" name="test_chamamento_publico_not_aviso" time="0.002" /><testcase classname="tests.test_act_classifier" name="test_consulta_publica" time="0.002" /><testcase classname="tests.test_act_classifier" name="test_apostilamento" time="0.002" /><testcase classname="tests.test_act_classifier" name="test_intencao_rp" time="0.002" /><testcase classname="tests.test_act_classifier" name="test_reabertura" time="0.002" /><testcase classname="tests.test_act_classifier" name="test_number_patterns_boost_terms" time="0.002" /><testcase classname="tests.test_act_classifier" name="test_secondary_param_still_works" time="0.003" /><testcase classname="tests.test_act_classifier" name="test_classify_many" time="0.002" /><testcase classname="tests.test_act_classifier" name="test_classify_record_dict" time="0.002" /><testcase classname="tests.test_act_classifier" name="test_homologacao_preferred_over_adjudicacao_when_both" time="0.002" /><testcase classname="tests.test_act_classifier" name="test_outros_atos_designacao_pregoeiro" time="0.004" /><testcase classname="tests.test_act_classifier" name="test_corpus_has_at_least_25_cases" time="0.005" /><testcase classname="tests.test_act_classifier" name="test_corpus_covers_major_categories" time="0.005" /><testcase classname="tests.test_act_classifier" name="test_corpus_case[homolog-001]" time="0.002" /><testcase classname="tests.test_act_classifier" name="test_corpus_case[adjudic-001]" time="0.002" /><testcase classname="tests.test_act_classifier" name="test_corpus_case[resultado-001]" time="0.002" /><testcase classname="tests.test_act_classifier" name="test_corpus_case[edital-001]" time="0.002" /><testcase classname="tests.test_act_classifier" name="test_corpus_case[aviso-001]" time="0.003" /><testcase classname="tests.test_act_classifier" name="test_corpus_case[aviso-002]" time="0.002" /><testcase classname="tests.test_act_classifier" name="test_corpus_case[retific-001]" time="0.002" /><testcase classname="tests.test_act_classifier" name="test_corpus_case[errata-001]" time="0.002" /><testcase classname="tests.test_act_classifier" name="test_corpus_case[suspensao-001]" time="0.002" /><testcase classname="tests.test_act_classifier" name="test_corpus_case[reabertura-001]" time="0.003" /><testcase classname="tests.test_act_classifier" name="test_corpus_case[revogacao-001]" time="0.057" /><testcase classname="tests.test_act_classifier" name="test_corpus_case[anulacao-001]" time="0.002" /><testcase classname="tests.test_act_classifier" name="test_corpus_case[extrato-001]" time="0.002" /><testcase classname="tests.test_act_classifier" name="test_corpus_case[aditivo-001]" time="0.002" /><testcase classname="tests.test_act_classifier" name="test_corpus_case[aditivo-002]" time="0.002" /><testcase classname="tests.test_act_classifier" name="test_corpus_case[apostila-001]" time="0.002" /><testcase classname="tests.test_act_classifier" name="test_corpus_case[rescisao-001]" time="0.002" /><testcase classname="tests.test_act_classifier" name="test_corpus_case[arp-001]" time="0.002" /><testcase classname="tests.test_act_classifier" name="test_corpus_case[irp-001]" time="0.002" /><testcase classname="tests.test_act_classifier" name="test_corpus_case[dispensa-001]" time="0.002" /><testcase classname="tests.test_act_classifier" name="test_corpus_case[dispensa-002]" time="0.002" /><testcase classname="tests.test_act_classifier" name="test_corpus_case[inexig-001]" time="0.002" /><testcase classname="tests.test_act_classifier" name="test_corpus_case[credenc-001]" time="0.003" /><testcase classname="tests.test_act_classifier" name="test_corpus_case[chamamento-001]" time="0.002" /><testcase classname="tests.test_act_classifier" name="test_corpus_case[consulta-001]" time="0.002" /><testcase classname="tests.test_act_classifier" name="test_corpus_case[outros-atos-001]" time="0.002" /><testcase classname="tests.test_act_classifier" name="test_corpus_case[outros-atos-002]" time="0.002" /><testcase classname="tests.test_act_classifier" name="test_corpus_case[neg-001]" time="0.002" /><testcase classname="tests.test_act_classifier" name="test_corpus_case[neg-002]" time="0.003" /><testcase classname="tests.test_act_classifier" name="test_corpus_case[neg-003]" time="0.002" /><testcase classname="tests.test_act_classifier" name="test_corpus_case[neg-004]" time="0.002" /><testcase classname="tests.test_act_classifier" name="test_corpus_case[neg-005]" time="0.002" /><testcase classname="tests.test_act_classifier" name="test_corpus_case[neg-006]" time="0.002" /><testcase classname="tests.test_act_classifier" name="test_corpus_case[multi-001]" time="0.002" /><testcase classname="tests.test_act_classifier" name="test_corpus_case[multi-002]" time="0.003" /><testcase classname="tests.test_aec_and_snapshot_reconcile" name="test_is_aec_positive" time="0.003" /><testcase classname="tests.test_aec_and_snapshot_reconcile" name="test_is_aec_negative" time="0.002" /><testcase classname="tests.test_aec_and_snapshot_reconcile" name="test_reconcile_fail_closed_on_partial" time="0.002" /><testcase classname="tests.test_aec_and_snapshot_reconcile" name="test_reconcile_complete_inactivates_absent" time="0.002" /><testcase classname="tests.test_alert_pipeline" name="test_status_capabilities" time="0.002" /><testcase classname="tests.test_alert_pipeline" name="test_actionable_context_on_event" time="0.002" /><testcase classname="tests.test_alert_pipeline" name="test_dedup_and_fallback" time="0.003" /><testcase classname="tests.test_alert_pipeline" name="test_webhook_failure_detectable_dry" time="0.002" /><testcase classname="tests.test_alert_pipeline" name="test_cli_self_check" time="3.404" /><testcase classname="tests.test_alert_pipeline" name="test_destinations_probe_does_not_require_secrets" time="0.002" /><testcase classname="tests.test_applicability_matrix" name="test_min_combination_explicit" time="0.002" /><testcase classname="tests.test_applicability_matrix" name="test_decide_capability_not_on_source" time="0.003" /><testcase classname="tests.test_applicability_matrix" name="test_build_matrix_sample" time="0.045" /><testcase classname="tests.test_applicability_matrix" name="test_write_matrix" time="0.046" /><testcase classname="tests.test_applicability_matrix" name="test_complementary_does_not_replace_mandatory" time="0.002" /><testcase classname="tests.test_applicability_matrix" name="test_blockers_and_unknown_gap_report" time="0.002" /><testcase classname="tests.test_applicability_matrix" name="test_gate_zero_necessary_unknown_with_pncp_rules" time="0.045" /><testcase classname="tests.test_apply_migrations" name="test_version_key" time="0.003" /><testcase classname="tests.test_apply_migrations" name="test_list_migrations_sorted_and_capped" time="0.006" /><testcase classname="tests.test_apply_migrations" name="test_split_sql_respects_dollar_quotes" time="0.002" /><testcase classname="tests.test_apply_migrations" name="test_repairable_existing_detection" time="0.002" /><testcase classname="tests.test_apply_migrations" name="test_apply_migrations_idempotent_twice" time="0.002"><skipped type="pytest.skip" message="Set REQUIRE_REAL_DB=1 for live migration idempotency proof">/mnt/d/extra consultoria/.worktrees/full-suite-main/tests/test_apply_migrations.py:56: Set REQUIRE_REAL_DB=1 for live migration idempotency proof</skipped></testcase><testcase classname="tests.test_backfill_count_covered.TestCountCoveredNoDuplicate" name="test_single_definition_exists" time="0.071" /><testcase classname="tests.test_backfill_count_covered.TestCountCoveredNoDuplicate" name="test_count_covered_returns_int" time="0.005" /><testcase classname="tests.test_backfill_count_covered.TestCountCoveredNoDuplicate" name="test_run_pipeline_no_type_error" time="0.031" /><testcase classname="tests.test_backfill_count_covered.TestNewEntitiesCovered" name="test_new_entities_covered_calculation" time="0.000"><skipped type="pytest.skip" message="Set REQUIRE_TEST_DB=1 to run database tests">/mnt/d/extra consultoria/.worktrees/full-suite-main/tests/test_backfill_count_covered.py:103: Set REQUIRE_TEST_DB=1 to run database tests</skipped></testcase><testcase classname="tests.test_backfill_count_covered.TestNewEntitiesCovered" name="test_run_source_new_entities_covered_in_result" time="0.000"><skipped type="pytest.skip" message="Set REQUIRE_TEST_DB=1 to run database tests">/mnt/d/extra consultoria/.worktrees/full-suite-main/tests/test_backfill_count_covered.py:159: Set REQUIRE_TEST_DB=1 to run database tests</skipped></testcase><testcase classname="tests.test_backfill_pipeline.TestStabilizationLoop" name="test_stabilization_after_one_iteration" time="0.005" /><testcase classname="tests.test_backfill_pipeline.TestStabilizationLoop" name="test_stabilization_two_iterations" time="0.005" /><testcase classname="tests.test_backfill_pipeline.TestStabilizationLoop" name="test_max_iterations_limit" time="0.004" /><testcase classname="tests.test_backfill_pipeline.TestStabilizationLoop" name="test_multiple_sources_stabilization" time="0.007" /><testcase classname="tests.test_backfill_pipeline.TestStabilizationLoop" name="test_zero_sources_list" time="0.003" /><testcase classname="tests.test_backfill_pipeline.TestFailureHandling" name="test_skipped_source_continues" time="0.005" /><testcase classname="tests.test_backfill_pipeline.TestFailureHandling" name="test_skipped_has_timestamp_and_iteration" time="0.005" /><testcase classname="tests.test_backfill_pipeline.TestCLI" name="test_parse_all_sources" time="0.004" /><testcase classname="tests.test_backfill_pipeline.TestCLI" name="test_parse_specific_sources" time="0.003" /><testcase classname="tests.test_backfill_pipeline.TestCLI" name="test_parse_dry_run" time="0.003" /><testcase classname="tests.test_backfill_pipeline.TestCLI" name="test_parse_resume" time="0.003" /><testcase classname="tests.test_backfill_pipeline.TestCLI" name="test_missing_source_arg_raises_error" time="0.005" /><testcase classname="tests.test_backfill_pipeline.TestCLI" name="test_simulate_matches" time="0.002" /><testcase classname="tests.test_backfill_pipeline.TestDryRun" name="test_dry_run_no_db_changes" time="0.004" /><testcase classname="tests.test_backfill_pipeline.TestDryRun" name="test_dry_run_with_simulate_matches" time="0.004" /><testcase classname="tests.test_backfill_pipeline.TestCheckpoint" name="test_save_and_load_checkpoint" time="0.003" /><testcase classname="tests.test_backfill_pipeline.TestCheckpoint" name="test_corrupted_checkpoint" time="0.003" /><testcase classname="tests.test_backfill_pipeline.TestCheckpoint" name="test_missing_checkpoint" time="0.003" /><testcase classname="tests.test_backfill_pipeline.TestCheckpoint" name="test_checkpoint_with_file_list" time="0.005" /><testcase classname="tests.test_backfill_pipeline.TestCheckpoint" name="test_status_file_skipped" time="0.004" /><testcase classname="tests.test_backfill_pipeline.TestSourceNameNormalization" name="test_normalize_hyphen_to_underscore" time="0.002" /><testcase classname="tests.test_backfill_pipeline.TestSourceNameNormalization" name="test_normalize_underscore_stays" time="0.002" /><testcase classname="tests.test_backfill_pipeline.TestSourceNameNormalization" name="test_normalize_all_known_sources" time="0.002" /><testcase classname="tests.test_backfill_pipeline.TestCoverageViewTrigger" name="test_trigger_query_structure" time="0.002" /><testcase classname="tests.test_backfill_pipeline.TestCoverageViewTrigger" name="test_coverage_query_structure" time="0.002" /><testcase classname="tests.test_base_client.TestRetryConfig" name="test_default_retryable_statuses" time="0.002" /><testcase classname="tests.test_base_client.TestRetryConfig" name="test_get_delay_exponential" time="0.002" /><testcase classname="tests.test_base_client.TestRetryConfig" name="test_get_delay_with_jitter" time="0.002" /><testcase classname="tests.test_base_client.TestRetryConfig" name="test_get_delay_retry_after_precedence" time="0.002" /><testcase classname="tests.test_base_client.TestRetryConfig" name="test_get_delay_retry_after_with_jitter" time="0.002" /><testcase classname="tests.test_base_client.TestRetryConfig" name="test_parse_retry_after_seconds" time="0.003" /><testcase classname="tests.test_base_client.TestRetryConfig" name="test_parse_retry_after_none" time="0.002" /><testcase classname="tests.test_base_client.TestRetryConfig" name="test_parse_retry_after_invalid" time="0.005" /><testcase classname="tests.test_base_client.TestInProcessCircuitBreaker" name="test_initial_state_closed" time="0.005" /><testcase classname="tests.test_base_client.TestInProcessCircuitBreaker" name="test_allow_request_when_closed" time="0.002" /><testcase classname="tests.test_base_client.TestInProcessCircuitBreaker" name="test_trips_after_threshold_failures" time="0.003" /><testcase classname="tests.test_base_client.TestInProcessCircuitBreaker" name="test_rejects_when_open" time="0.002" /><testcase classname="tests.test_base_client.TestInProcessCircuitBreaker" name="test_half_open_after_cooldown" time="0.063" /><testcase classname="tests.test_base_client.TestInProcessCircuitBreaker" name="test_recovers_to_closed_after_half_open_success" time="0.063" /><testcase classname="tests.test_base_client.TestInProcessCircuitBreaker" name="test_returns_to_open_after_half_open_failure" time="0.064" /><testcase classname="tests.test_base_client.TestInProcessCircuitBreaker" name="test_reset_manually" time="0.002" /><testcase classname="tests.test_base_client.TestInProcessCircuitBreaker" name="test_success_during_normal_operation_keeps_closed" time="0.002" /><testcase classname="tests.test_base_client.TestInProcessCircuitBreaker" name="test_consecutive_failures_reset_by_success" time="0.002" /><testcase classname="tests.test_base_client.TestInProcessCircuitBreaker" name="test_half_open_max_requests_limited" time="0.063" /><testcase classname="tests.test_base_client" name="test_get_success" time="1.156" /><testcase classname="tests.test_base_client" name="test_post_success" time="0.025" /><testcase classname="tests.test_base_client" name="test_no_retry_on_400" time="0.025" /><testcase classname="tests.test_base_client" name="test_circuit_breaker_rejects_after_threshold" time="0.024" /><testcase classname="tests.test_base_client" name="test_breaker_integration_via_direct_failure" time="0.023" /><testcase classname="tests.test_base_client.TestMetrics" name="test_http_requests_total_labels" time="0.003" /><testcase classname="tests.test_base_client.TestMetrics" name="test_http_retries_total_labels" time="0.002" /><testcase classname="tests.test_base_client.TestMetrics" name="test_cb_state_gauge_labels" time="0.002" /><testcase classname="tests.test_base_client.TestExceptions" name="test_circuit_breaker_open_str" time="0.003" /><testcase classname="tests.test_base_client.TestExceptions" name="test_http_client_error_with_status" time="0.002" /><testcase classname="tests.test_base_client.TestExceptions" name="test_http_client_error_without_status" time="0.002" /><testcase classname="tests.test_base_client.TestExceptions" name="test_http_retryable_error" time="0.002" /><testcase classname="tests.test_base_client.TestExceptions" name="test_exception_hierarchy" time="0.002" /><testcase classname="tests.test_cache_ibge.TestCacheConstants" name="test_ttl_is_7_days" time="0.002" /><testcase classname="tests.test_cache_ibge.TestCacheConstants" name="test_cache_starts_empty" time="0.002" /><testcase classname="tests.test_cache_ibge.TestFetchWithFreshCache" name="test_returns_cached_data_when_fresh" time="0.002" /><testcase classname="tests.test_cache_ibge.TestFetchWithFreshCache" name="test_returns_cached_data_before_ttl_expiry" time="0.002" /><testcase classname="tests.test_cache_ibge.TestFetchApiBehavior" name="test_fetch_populates_cache" time="0.003" /><testcase classname="tests.test_cache_ibge.TestFetchApiBehavior" name="test_stale_cache_replaced_on_fetch" time="0.004" /><testcase classname="tests.test_cache_ibge.TestFetchApiBehavior" name="test_fallback_to_stale_on_http_error" time="7.009" /><testcase classname="tests.test_cache_ibge.TestFetchApiBehavior" name="test_fallback_to_stale_on_timeout" time="7.010" /><testcase classname="tests.test_cache_ibge.TestFetchApiBehavior" name="test_retry_on_http_500" time="7.009" /><testcase classname="tests.test_cache_ibge.TestFetchWithNoCache" name="test_empty_cache_fetches_from_api" time="0.004" /><testcase classname="tests.test_canonical_entry_points" name="test_development_guide_exists_and_has_commands" time="0.038" /><testcase classname="tests.test_canonical_entry_points" name="test_agents_and_cursor_align_with_development" time="0.036" /><testcase classname="tests.test_canonical_entry_points" name="test_product_requirements_outside_adapters" time="0.037" /><testcase classname="tests.test_canonical_entry_points" name="test_precedence_documented" time="0.038" /><testcase classname="tests.test_canonical_entry_points" name="test_no_false_local_ready_claim_in_adapters" time="0.037" /><testcase classname="tests.test_capability_inventory" name="test_inventory_has_objectives" time="0.024" /><testcase classname="tests.test_capability_inventory" name="test_no_false_ready_while_coverage_gap" time="0.024" /><testcase classname="tests.test_centralized_config_audit" name="test_audit_ok" time="0.046" /><testcase classname="tests.test_centralized_config_audit" name="test_every_source_has_url" time="0.047" /><testcase classname="tests.test_checkpoint.TestIsCrawlCompletedToday" name="test_returns_true_when_checkpoint_exists" time="0.003" /><testcase classname="tests.test_checkpoint.TestIsCrawlCompletedToday" name="test_returns_false_when_no_checkpoint" time="0.003" /><testcase classname="tests.test_checkpoint.TestIsCrawlCompletedToday" name="test_uses_default_scope_key" time="0.003" /><testcase classname="tests.test_checkpoint.TestIsCrawlCompletedToday" name="test_returns_false_on_database_error" time="0.004" /><testcase classname="tests.test_checkpoint.TestSaveCheckpoint" name="test_upserts_checkpoint" time="0.003" /><testcase classname="tests.test_checkpoint.TestSaveCheckpoint" name="test_defaults_last_date_to_today" time="0.003" /><testcase classname="tests.test_checkpoint.TestSaveCheckpoint" name="test_defaults_records_fetched_to_zero" time="0.003" /><testcase classname="tests.test_checkpoint.TestSaveCheckpoint" name="test_raises_on_database_error" time="0.003" /><testcase classname="tests.test_checkpoint.TestGetCheckpoint" name="test_returns_checkpoint_dict_when_found" time="0.003" /><testcase classname="tests.test_checkpoint.TestGetCheckpoint" name="test_returns_none_when_not_found" time="0.004" /><testcase classname="tests.test_checkpoint.TestGetCheckpoint" name="test_returns_none_on_database_error" time="0.003" /><testcase classname="tests.test_checkpoint.TestDeleteCheckpoint" name="test_returns_true_when_deleted" time="0.003" /><testcase classname="tests.test_checkpoint.TestDeleteCheckpoint" name="test_returns_false_when_not_found" time="0.003" /><testcase classname="tests.test_checkpoint.TestDeleteCheckpoint" name="test_uses_correct_parameters" time="0.003" /><testcase classname="tests.test_checkpoint.TestDeleteCheckpoint" name="test_returns_false_on_database_error" time="0.003" /><testcase classname="tests.test_checkpoint_page_promote" name="test_db_committed_may_promote_to_success_for_page_level" time="0.003" /><testcase classname="tests.test_checkpoint_page_promote" name="test_db_committed_may_promote_to_evidence_then_success" time="0.003" /><testcase classname="tests.test_checkpoint_page_promote" name="test_cannot_demote_db_committed_to_normalized" time="0.002" /><testcase classname="tests.test_checkpoint_page_promote" name="test_stage_rank_orders_operational_progress" time="0.002" /><testcase classname="tests.test_checkpoint_page_promote" name="test_idempotent_same_status_transition" time="0.002" /><testcase classname="tests.test_ciga_ckan_ac_validation.TestAC1ListDatasets" name="test_returns_36_datasets_at_production_volume" time="0.002" /><testcase classname="tests.test_ciga_ckan_ac_validation.TestAC1ListDatasets" name="test_all_datasets_have_expected_format" time="0.002" /><testcase classname="tests.test_ciga_ckan_ac_validation.TestAC1ListDatasets" name="test_classify_month_parses_all_36_correctly" time="0.002" /><testcase classname="tests.test_ciga_ckan_ac_validation.TestAC1ListDatasets" name="test_ciga_ckan_parse_args_list_command" time="0.002" /><testcase classname="tests.test_ciga_ckan_ac_validation.TestAC1ListDatasets" name="test_domsc_months_filters_correctly_at_volume" time="0.002" /><testcase classname="tests.test_ciga_ckan_ac_validation.TestAC3FullCrawl" name="test_crawl_processes_all_36_months" time="0.002" /><testcase classname="tests.test_ciga_ckan_ac_validation.TestAC3FullCrawl" name="test_crawl_all_months_produces_publications" time="0.031" /><testcase classname="tests.test_ciga_ckan_ac_validation.TestAC3FullCrawl" name="test_crawl_download_month_pipeline" time="0.003" /><testcase classname="tests.test_ciga_ckan_ac_validation.TestAC3FullCrawl" name="test_crawl_module_interface_with_synthetic_data" time="0.004" /><testcase classname="tests.test_ciga_ckan_ac_validation.TestAC3FullCrawl" name="test_crawl_incremental_only_latest" time="0.004" /><testcase classname="tests.test_ciga_ckan_ac_validation.TestAC4EntityMatching" name="test_matches_200_plus_high_medium_confidence" time="0.970" /><testcase classname="tests.test_ciga_ckan_ac_validation.TestAC4EntityMatching" name="test_matches_include_high_confidence" time="0.876" /><testcase classname="tests.test_ciga_ckan_ac_validation.TestAC4EntityMatching" name="test_unmatched_entities_remain_unmatched" time="0.906" /><testcase classname="tests.test_ciga_ckan_ac_validation.TestAC4EntityMatching" name="test_matches_use_cascade_levels" time="0.889" /><testcase classname="tests.test_ciga_ckan_ac_validation.TestAC4EntityMatching" name="test_coverage_upsert_works_at_scale" time="0.884" /><testcase classname="tests.test_ciga_ckan_ac_validation.TestAC5Deferred" name="test_coverage_impact_calculates_exclusive_correctly" time="0.003" /><testcase classname="tests.test_ciga_ckan_ac_validation.TestAC6Deferred" name="test_run_reports_structure_valid" time="0.002" /><testcase classname="tests.test_ciga_ckan_ac_validation.TestAC6Deferred" name="test_crawl_produces_month_stats" time="0.026" /><testcase classname="tests.test_ciga_ckan_crawler.TestCkanRequest" name="test_success" time="0.003" /><testcase classname="tests.test_ciga_ckan_crawler.TestCkanRequest" name="test_success_false" time="0.003" /><testcase classname="tests.test_ciga_ckan_crawler.TestCkanRequest" name="test_http_error" time="0.002" /><testcase classname="tests.test_ciga_ckan_crawler.TestCkanRequest" name="test_timeout_error" time="0.002" /><testcase classname="tests.test_ciga_ckan_crawler.TestCkanRequest" name="test_json_decode_error" time="0.003" /><testcase classname="tests.test_ciga_ckan_crawler.TestListDatasets" name="test_returns_sorted_list" time="0.002" /><testcase classname="tests.test_ciga_ckan_crawler.TestListDatasets" name="test_empty_when_no_result" time="0.002" /><testcase classname="tests.test_ciga_ckan_crawler.TestListDomscMonths" name="test_filters_domsc_datasets" time="0.002" /><testcase classname="tests.test_ciga_ckan_crawler.TestListDomscMonths" name="test_sorted_order" time="0.002" /><testcase classname="tests.test_ciga_ckan_crawler.TestListDomscMonths" name="test_empty_when_no_match" time="0.002" /><testcase classname="tests.test_ciga_ckan_crawler.TestClassifyMonth" name="test_standard_format" time="0.002" /><testcase classname="tests.test_ciga_ckan_crawler.TestClassifyMonth" name="test_alt_prefix" time="0.002" /><testcase classname="tests.test_ciga_ckan_crawler.TestClassifyMonth" name="test_no_match" time="0.002" /><testcase classname="tests.test_ciga_ckan_crawler.TestGetPackage" name="test_get_package" time="0.002" /><testcase classname="tests.test_ciga_ckan_crawler.TestGetPackageResources" name="test_returns_resources" time="0.002" /><testcase classname="tests.test_ciga_ckan_crawler.TestGetPackageResources" name="test_empty_when_no_resources" time="0.003" /><testcase classname="tests.test_ciga_ckan_crawler.TestDownloadResource" name="test_valid_zip" time="0.003" /><testcase classname="tests.test_ciga_ckan_crawler.TestDownloadResource" name="test_bad_zip" time="0.004" /><testcase classname="tests.test_ciga_ckan_crawler.TestDownloadResource" name="test_network_error" time="0.002" /><testcase classname="tests.test_ciga_ckan_crawler.TestDownloadResource" name="test_no_json_in_zip" time="0.003" /><testcase classname="tests.test_ciga_ckan_crawler.TestExtractEntities" name="test_extracts_unique_entities" time="0.002" /><testcase classname="tests.test_ciga_ckan_crawler.TestExtractEntities" name="test_empty_input" time="0.001" /><testcase classname="tests.test_ciga_ckan_crawler.TestExtractEntities" name="test_publications_without_entidade" time="0.001" /><testcase classname="tests.test_ciga_ckan_crawler.TestExtractEntities" name="test_tracks_first_and_last_seen" time="0.002" /><testcase classname="tests.test_ciga_ckan_crawler.TestGenerateNameAliases" name="test_prefeitura_municipal" time="0.002" /><testcase classname="tests.test_ciga_ckan_crawler.TestGenerateNameAliases" name="test_prefeitura_short" time="0.003" /><testcase classname="tests.test_ciga_ckan_crawler.TestGenerateNameAliases" name="test_camara_vereadores_prefix" time="0.003" /><testcase classname="tests.test_ciga_ckan_crawler.TestGenerateNameAliases" name="test_camara_vereadores_suffix" time="0.002" /><testcase classname="tests.test_ciga_ckan_crawler.TestGenerateNameAliases" name="test_camara_municipal" time="0.002" /><testcase classname="tests.test_ciga_ckan_crawler.TestGenerateNameAliases" name="test_camara_municipal_vereadores" time="0.002" /><testcase classname="tests.test_ciga_ckan_crawler.TestGenerateNameAliases" name="test_no_alias_for_unknown" time="0.002" /><testcase classname="tests.test_ciga_ckan_crawler.TestGenerateNameAliases" name="test_duplicates_removed" time="0.002" /><testcase classname="tests.test_ciga_ckan_crawler.TestNormalizeName" name="test_normalize_with_accents" time="0.002" /><testcase classname="tests.test_ciga_ckan_crawler.TestNormalizeName" name="test_empty_string" time="0.002" /><testcase classname="tests.test_ciga_ckan_crawler.TestNormalizeName" name="test_none_input" time="0.002" /><testcase classname="tests.test_ciga_ckan_crawler.TestLoadDbEntities" name="test_loads_entities" time="0.003" /><testcase classname="tests.test_ciga_ckan_crawler.TestLoadDbEntities" name="test_within_200km_adds_filter" time="0.004" /><testcase classname="tests.test_ciga_ckan_crawler.TestMatchEntities" name="test_level_1_name_muni" time="0.004" /><testcase classname="tests.test_ciga_ckan_crawler.TestMatchEntities" name="test_level_2_name_only" time="0.002" /><testcase classname="tests.test_ciga_ckan_crawler.TestMatchEntities" name="test_level_2b_alias" time="0.002" /><testcase classname="tests.test_ciga_ckan_crawler.TestMatchEntities" name="test_level_3_fuzzy" time="0.002" /><testcase classname="tests.test_ciga_ckan_crawler.TestMatchEntities" name="test_unmatched_entity" time="0.002" /><testcase classname="tests.test_ciga_ckan_crawler.TestMatchEntities" name="test_empty_entities" time="0.003" /><testcase classname="tests.test_ciga_ckan_crawler.TestUpdateCoverage" name="test_inserts_matched_entities" time="0.003" /><testcase classname="tests.test_ciga_ckan_crawler.TestUpdateCoverage" name="test_handles_db_error" time="0.004" /><testcase classname="tests.test_ciga_ckan_crawler.TestGetExistingCoverage" name="test_returns_set_of_ids" time="0.003" /><testcase classname="tests.test_ciga_ckan_crawler.TestReportCoverageImpact" name="test_returns_stats" time="0.004" /><testcase classname="tests.test_ciga_ckan_crawler.TestCrawl" name="test_crawl_full" time="0.004" /><testcase classname="tests.test_ciga_ckan_crawler.TestCrawl" name="test_crawl_incremental" time="0.004" /><testcase classname="tests.test_ciga_ckan_crawler.TestCrawl" name="test_crawl_no_data" time="0.002" /><testcase classname="tests.test_ciga_ckan_crawler.TestTransform" name="test_returns_empty_list" time="0.002" /><testcase classname="tests.test_ciga_ckan_crawler.TestTransform" name="test_empty_input" time="0.002" /><testcase classname="tests.test_ciga_ckan_crawler.TestDownloadMonth" name="test_downloads_and_filters" time="0.003" /><testcase classname="tests.test_ciga_ckan_crawler.TestDownloadMonth" name="test_no_package" time="0.002" /><testcase classname="tests.test_ciga_ckan_crawler.TestDownloadMonth" name="test_no_resources" time="0.002" /><testcase classname="tests.test_ciga_ckan_crawler.TestMonitorIntegration" name="test_ciga_ckan_in_choices" time="0.003" /><testcase classname="tests.test_ciga_ckan_crawler.TestMonitorIntegration" name="test_ciga_ckan_in_sources" time="0.002" /><testcase classname="tests.test_ciga_ckan_crawler.TestMonitorIntegration" name="test_ciga_ckan_in_module_map" time="0.002" /><testcase classname="tests.test_ciga_ckan_crawler.TestCLI" name="test_parse_args_list" time="0.002" /><testcase classname="tests.test_ciga_ckan_crawler.TestCLI" name="test_parse_args_month" time="0.002" /><testcase classname="tests.test_ciga_ckan_crawler.TestCLI" name="test_default_source_is_ciga_ckan" time="0.002" /><testcase classname="tests.test_ciga_ckan_transform" name="test_source_purpose_is_hybrid_not_coverage_only" time="0.002" /><testcase classname="tests.test_ciga_ckan_transform" name="test_registry_ciga_ckan_public_no_credentials" time="0.002" /><testcase classname="tests.test_ciga_ckan_transform" name="test_registry_alias_dom_ciga" time="0.002" /><testcase classname="tests.test_ciga_ckan_transform" name="test_transform_record_licitacao" time="0.005" /><testcase classname="tests.test_ciga_ckan_transform" name="test_transform_skips_non_procurement_category" time="0.002" /><testcase classname="tests.test_ciga_ckan_transform" name="test_transform_batch" time="0.002" /><testcase classname="tests.test_ciga_ckan_transform" name="test_procurement_categories_include_expected" time="0.002" /><testcase classname="tests.test_ciga_ckan_transform" name="test_transform_missing_codigo" time="0.002" /><testcase classname="tests.test_ciga_dom_publications.TestZipSlip" name="test_reject_parent_traversal" time="0.003" /><testcase classname="tests.test_ciga_dom_publications.TestZipSlip" name="test_reject_absolute_path" time="0.002" /><testcase classname="tests.test_ciga_dom_publications.TestZipSlip" name="test_accept_normal_member" time="0.003" /><testcase classname="tests.test_ciga_dom_publications.TestZipSlip" name="test_safe_extract_rejects_slip" time="0.003" /><testcase classname="tests.test_ciga_dom_publications.TestZipSlip" name="test_iter_zip_json_members_rejects_slip" time="0.002" /><testcase classname="tests.test_ciga_dom_publications.TestParseNormalize" name="test_normal_autopublicacoes_parse" time="0.002" /><testcase classname="tests.test_ciga_dom_publications.TestParseNormalize" name="test_empty_zip" time="0.002" /><testcase classname="tests.test_ciga_dom_publications.TestParseNormalize" name="test_invalid_zip" time="0.004" /><testcase classname="tests.test_ciga_dom_publications.TestParseNormalize" name="test_normalize_fields_and_classification" time="0.003" /><testcase classname="tests.test_ciga_dom_publications.TestParseNormalize" name="test_classification_extrato_contrato" time="0.003" /><testcase classname="tests.test_ciga_dom_publications.TestCheckpoint" name="test_checkpoint_skip" time="0.004" /><testcase classname="tests.test_ciga_dom_publications.TestCheckpoint" name="test_incremental_no_reprocess" time="0.468" /><testcase classname="tests.test_ciga_dom_publications.TestHttpSoftFailure" name="test_download_http_failure_soft" time="0.002" /><testcase classname="tests.test_ciga_dom_publications.TestHttpSoftFailure" name="test_run_ingestion_continues_on_download_fail" time="0.236" /><testcase classname="tests.test_ciga_dom_publications.TestDiscovery" name="test_sort_packages_by_year_month" time="0.002" /><testcase classname="tests.test_ciga_dom_publications.TestDiscovery" name="test_discover_latest" time="0.003" /><testcase classname="tests.test_ciga_dom_publications.TestDiscovery" name="test_resource_kind" time="0.003" /><testcase classname="tests.test_ciga_dom_publications.TestMunicipalityStats" name="test_gaps_with_universe" time="0.002" /><testcase classname="tests.test_ciga_dom_publications.TestMunicipalityStats" name="test_observed_only_without_universe" time="0.002" /><testcase classname="tests.test_claim_language" name="test_absence_without_query_blocks_no_tender_label" time="0.002" /><testcase classname="tests.test_claim_language" name="test_absence_with_valid_query_allows_reporting" time="0.002" /><testcase classname="tests.test_claim_language" name="test_winners_not_complete_competitors" time="0.002" /><testcase classname="tests.test_claim_language" name="test_unidentified_not_nonexistent" time="0.002" /><testcase classname="tests.test_claim_language" name="test_win_rate_requires_proposals" time="0.002" /><testcase classname="tests.test_claim_language" name="test_score_not_probability_without_calibration" time="0.003" /><testcase classname="tests.test_claim_language" name="test_reports_must_show_limitations" time="0.002" /><testcase classname="tests.test_claim_language" name="test_forbids_works_tracking_claim" time="0.002" /><testcase classname="tests.test_claim_language" name="test_forbidden_language_list_nonempty" time="0.002" /><testcase classname="tests.test_cli_main_entrypoints" name="test_workspace_cli_help" time="3.459" /><testcase classname="tests.test_cli_main_entrypoints" name="test_opportunity_intel_cli_help" time="3.449" /><testcase classname="tests.test_cli_main_entrypoints" name="test_no_web_required_for_help" time="3.506" /><testcase classname="tests.test_code_hygiene_gate" name="test_run_gate_ok" time="2.753" /><testcase classname="tests.test_code_hygiene_gate" name="test_metric_definitions_complete" time="0.007" /><testcase classname="tests.test_code_hygiene_gate" name="test_dry_run_inventory" time="0.039" /><testcase classname="tests.test_code_organization_gate" name="test_snake_module_regex" time="0.002" /><testcase classname="tests.test_code_organization_gate" name="test_run_gate_structure" time="5.679" /><testcase classname="tests.test_code_organization_gate" name="test_critical_path_no_except_pass" time="5.643" /><testcase classname="tests.test_commercial_sample_sc" name="test_build_report_has_disclaimers_and_forbidden_claims" time="0.296" /><testcase classname="tests.test_commercial_sample_sc" name="test_db_unavailable_soft_fails" time="0.016" /><testcase classname="tests.test_commercial_sample_sc" name="test_session_sources_present_when_artifacts_exist" time="0.288" /><testcase classname="tests.test_commercial_sample_sc" name="test_status_bucket_open_closed" time="0.002" /><testcase classname="tests.test_commercial_sample_sc" name="test_build_session_report_evidence_chain_and_flags" time="0.267" /><testcase classname="tests.test_commercial_sample_sc" name="test_disclaimers_expose_missing_docs_when_sample_empty_docs" time="0.002" /><testcase classname="tests.test_commercial_sample_sc" name="test_write_all_produces_json_csv_html" time="0.320" /><testcase classname="tests.test_commercial_status" name="test_open_by_deadline" time="0.002" /><testcase classname="tests.test_commercial_status" name="test_closed_deadline_passed" time="0.003" /><testcase classname="tests.test_commercial_status" name="test_homologado_is_result_not_open" time="0.002" /><testcase classname="tests.test_commercial_status" name="test_publicado_resultado_is_not_open" time="0.002" /><testcase classname="tests.test_commercial_status" name="test_bare_publicado_is_not_open" time="0.006" /><testcase classname="tests.test_commercial_status" name="test_ciga_edital_recent_notice" time="0.002" /><testcase classname="tests.test_commercial_status" name="test_nao_relacionado" time="0.002" /><testcase classname="tests.test_commercial_status" name="test_sector_pavimentacao" time="0.077" /><testcase classname="tests.test_commercial_status" name="test_sector_false_positive_software" time="0.002" /><testcase classname="tests.test_commercial_status" name="test_sector_generic_servico_alone" time="0.002" /><testcase classname="tests.test_common.TestDigitsOnly" name="test_removes_punctuation_from_cnpj" time="0.002" /><testcase classname="tests.test_common.TestDigitsOnly" name="test_removes_spaces_and_letters" time="0.002" /><testcase classname="tests.test_common.TestDigitsOnly" name="test_returns_empty_for_none" time="0.002" /><testcase classname="tests.test_common.TestDigitsOnly" name="test_returns_empty_for_empty_string" time="0.003" /><testcase classname="tests.test_common.TestDigitsOnly" name="test_digits_only_preserved" time="0.002" /><testcase classname="tests.test_common.TestDigitsOnly" name="test_blank_string_returns_empty" time="0.002" /><testcase classname="tests.test_common.TestExtractCnpj" name="test_extracts_formatted_cnpj" time="0.002" /><testcase classname="tests.test_common.TestExtractCnpj" name="test_extracts_bare_14_digits" time="0.002" /><testcase classname="tests.test_common.TestExtractCnpj" name="test_returns_empty_for_no_cnpj" time="0.002" /><testcase classname="tests.test_common.TestExtractCnpj" name="test_returns_empty_for_none" time="0.002" /><testcase classname="tests.test_common.TestExtractCnpj" name="test_returns_empty_for_short_number" time="0.002" /><testcase classname="tests.test_common.TestExtractCnpj" name="test_prefers_formatted_over_bare" time="0.002" /><testcase classname="tests.test_common.TestTrunc" name="test_truncates_long_string" time="0.002" /><testcase classname="tests.test_common.TestTrunc" name="test_returns_none_for_none" time="0.002" /><testcase classname="tests.test_common.TestTrunc" name="test_returns_none_for_empty" time="0.002" /><testcase classname="tests.test_common.TestTrunc" name="test_returns_none_for_whitespace" time="0.002" /><testcase classname="tests.test_common.TestTrunc" name="test_does_not_truncate_short_string" time="0.002" /><testcase classname="tests.test_common.TestTrunc" name="test_min_length_4_for_ellipsis" time="0.002" /><testcase classname="tests.test_common.TestTrunc" name="test_exact_boundary_no_truncation" time="0.002" /><testcase classname="tests.test_common.TestTrunc" name="test_strips_whitespace" time="0.002" /><testcase classname="tests.test_common.TestSafeFloat" name="test_parses_float_direct" time="0.002" /><testcase classname="tests.test_common.TestSafeFloat" name="test_parses_int" time="0.002" /><testcase classname="tests.test_common.TestSafeFloat" name="test_parses_brazilian_format" time="0.002" /><testcase classname="tests.test_common.TestSafeFloat" name="test_parses_brazilian_with_comma" time="0.002" /><testcase classname="tests.test_common.TestSafeFloat" name="test_parses_regular_decimal" time="0.002" /><testcase classname="tests.test_common.TestSafeFloat" name="test_returns_none_for_none" time="0.002" /><testcase classname="tests.test_common.TestSafeFloat" name="test_returns_none_for_invalid" time="0.002" /><testcase classname="tests.test_common.TestSafeFloat" name="test_returns_none_for_empty_string" time="0.003" /><testcase classname="tests.test_common.TestSafeFloat" name="test_rounds_to_two_decimals" time="0.002" /><testcase classname="tests.test_common.TestSafeFloat" name="test_large_brazilian_value" time="0.002" /><testcase classname="tests.test_common.TestParseDate" name="test_parses_date_object" time="0.002" /><testcase classname="tests.test_common.TestParseDate" name="test_parses_datetime_object" time="0.002" /><testcase classname="tests.test_common.TestParseDate" name="test_parses_iso_string" time="0.002" /><testcase classname="tests.test_common.TestParseDate" name="test_parses_iso_datetime_string" time="0.002" /><testcase classname="tests.test_common.TestParseDate" name="test_parses_brazilian_format" time="0.022" /><testcase classname="tests.test_common.TestParseDate" name="test_parses_brazilian_with_time" time="0.002" /><testcase classname="tests.test_common.TestParseDate" name="test_extracts_partial_iso" time="0.002" /><testcase classname="tests.test_common.TestParseDate" name="test_returns_none_for_none" time="0.002" /><testcase classname="tests.test_common.TestParseDate" name="test_returns_none_for_empty" time="0.002" /><testcase classname="tests.test_common.TestParseDate" name="test_invalid_date_returns_none" time="0.003" /><testcase classname="tests.test_common.TestSafeDate" name="test_returns_none_for_none" time="0.002" /><testcase classname="tests.test_common.TestSafeDate" name="test_returns_none_for_empty_string" time="0.002" /><testcase classname="tests.test_common.TestSafeDate" name="test_returns_none_for_none_string" time="0.002" /><testcase classname="tests.test_common.TestSafeDate" name="test_returns_iso_from_date_obj" time="0.002" /><testcase classname="tests.test_common.TestSafeDate" name="test_returns_iso_from_datetime_obj" time="0.002" /><testcase classname="tests.test_common.TestSafeDate" name="test_returns_first_10_chars_of_string" time="0.002" /><testcase classname="tests.test_common.TestSafeDate" name="test_returns_none_for_blank_10_chars" time="0.002" /><testcase classname="tests.test_common.TestGenerateContentHash" name="test_known_fields_produce_deterministic_hash" time="0.002" /><testcase classname="tests.test_common.TestGenerateContentHash" name="test_default_fields_used" time="0.002" /><testcase classname="tests.test_common.TestGenerateContentHash" name="test_custom_fields" time="0.002" /><testcase classname="tests.test_common.TestGenerateContentHash" name="test_missing_fields_default_to_empty" time="0.002" /><testcase classname="tests.test_common.TestGenerateContentHash" name="test_empty_record" time="0.003" /><testcase classname="tests.test_common.TestGenerateContentHash" name="test_different_records_different_hashes" time="0.002" /><testcase classname="tests.test_competitive_intel_validation.TestCompetitiveIntelValidation" name="test_validate_all_queries_pass" time="0.000"><skipped type="pytest.skip" message="Set REQUIRE_TEST_DB=1 to run database integration tests">/mnt/d/extra consultoria/.worktrees/full-suite-main/tests/test_competitive_intel_validation.py:33: Set REQUIRE_TEST_DB=1 to run database integration tests</skipped></testcase><testcase classname="tests.test_competitive_intel_validation.TestCompetitiveIntelValidation" name="test_validate_detects_column_mismatch" time="0.029" /><testcase classname="tests.test_compras_gov_crawler.TestCrawl" name="test_crawl_incremental_returns_list" time="0.002" /><testcase classname="tests.test_compras_gov_crawler.TestTransform" name="test_transform_empty_list" time="0.002" /><testcase classname="tests.test_compras_gov_crawler.TestTransform" name="test_transform_mock_legacy_record" time="0.011" /><testcase classname="tests.test_compras_gov_crawler.TestTransform" name="test_transform_mock_14133_record" time="0.002" /><testcase classname="tests.test_compras_gov_crawler.TestTransform" name="test_transform_dedup" time="0.002" /><testcase classname="tests.test_compras_gov_crawler.TestTransform" name="test_transform_missing_cnpj_filtered" time="0.002" /><testcase classname="tests.test_consulting_readiness.TestHaversine" name="test_same_point_zero_distance" time="0.002" /><testcase classname="tests.test_consulting_readiness.TestHaversine" name="test_floripa_to_sp_approx" time="0.002" /><testcase classname="tests.test_consulting_readiness.TestHaversine" name="test_earth_radius_constant" time="0.003" /><testcase classname="tests.test_consulting_readiness.TestParseCoords" name="test_valid_coords" time="0.002" /><testcase classname="tests.test_consulting_readiness.TestParseCoords" name="test_string_coords" time="0.002" /><testcase classname="tests.test_consulting_readiness.TestParseCoords" name="test_none_coords" time="0.002" /><testcase classname="tests.test_consulting_readiness.TestParseCoords" name="test_none_lat_valid_lon" time="0.002" /><testcase classname="tests.test_consulting_readiness.TestParseCoords" name="test_invalid_string" time="0.002" /><testcase classname="tests.test_consulting_readiness.TestTargetUniverse" name="test_empty_universe" time="0.002" /><testcase classname="tests.test_consulting_readiness.TestTargetUniverse" name="test_inclusion_rule_mentions_unresolved" time="0.002" /><testcase classname="tests.test_consulting_readiness.TestTargetUniverse" name="test_potential_universe_includes_unresolved" time="0.002" /><testcase classname="tests.test_consulting_readiness.TestUnresolvedEntitiesNeverDisappear" name="test_entities_without_coords_not_dropped" time="0.000"><skipped type="pytest.skip" message="load_target_universe() is broken — see class docstring">/mnt/d/extra consultoria/.worktrees/full-suite-main/tests/test_consulting_readiness.py:166: load_target_universe() is broken — see class docstring</skipped></testcase><testcase classname="tests.test_consulting_readiness.TestUnresolvedEntitiesNeverDisappear" name="test_all_without_coords_all_unresolved" time="0.000"><skipped type="pytest.skip" message="load_target_universe() is broken — see class docstring">/mnt/d/extra consultoria/.worktrees/full-suite-main/tests/test_consulting_readiness.py:170: load_target_universe() is broken — see class docstring</skipped></testcase><testcase classname="tests.test_consulting_readiness.TestUnresolvedEntitiesNeverDisappear" name="test_resolved_entity_within_radius" time="0.000"><skipped type="pytest.skip" message="load_target_universe() is broken — see class docstring">/mnt/d/extra consultoria/.worktrees/full-suite-main/tests/test_consulting_readiness.py:174: load_target_universe() is broken — see class docstring</skipped></testcase><testcase classname="tests.test_consulting_readiness.TestUnresolvedEntitiesNeverDisappear" name="test_duplicate_cnpj8_detected" time="0.000"><skipped type="pytest.skip" message="load_target_universe() is broken — see class docstring">/mnt/d/extra consultoria/.worktrees/full-suite-main/tests/test_consulting_readiness.py:178: load_target_universe() is broken — see class docstring</skipped></testcase><testcase classname="tests.test_consulting_readiness.TestSuccessZero" name="test_success_zero_treated_as_success" time="0.007" /><testcase classname="tests.test_consulting_readiness.TestSuccessZero" name="test_partial_not_treated_as_success" time="0.006" /><testcase classname="tests.test_consulting_readiness.TestSuccessZero" name="test_many_zeros_not_full_coverage" time="0.011" /><testcase classname="tests.test_consulting_readiness.TestPostgreSQLFailClosed" name="test_explicit_dsn_fails_closed" time="0.026" /><testcase classname="tests.test_consulting_readiness.TestPostgreSQLFailClosed" name="test_no_dsn_still_raises" time="10.010" /><testcase classname="tests.test_consulting_readiness.TestCommercialMetricsNotReady" name="test_all_commercial_metrics_not_ready" time="0.007" /><testcase classname="tests.test_consulting_readiness.TestCommercialMetricsNotReady" name="test_contract_value_not_called_preco_praticado" time="0.005" /><testcase classname="tests.test_consulting_readiness.TestExitCodes" name="test_readiness_passed_exit_code_0" time="0.006" /><testcase classname="tests.test_consulting_readiness.TestExitCodes" name="test_below_threshold_exit_code_2" time="0.006" /><testcase classname="tests.test_consulting_readiness.TestExitCodes" name="test_unresolved_blocks_pass" time="0.007" /><testcase classname="tests.test_consulting_readiness.TestArtifacts" name="test_manifest_json_structure" time="0.009" /><testcase classname="tests.test_consulting_readiness.TestArtifacts" name="test_gaps_csv_has_required_columns" time="0.003" /><testcase classname="tests.test_consulting_readiness.TestConservativeDenominator" name="test_unresolved_increases_denominator" time="0.009" /><testcase classname="tests.test_consulting_readiness.TestConfigurableThreshold" name="test_threshold_0_5_passes" time="0.008" /><testcase classname="tests.test_consulting_readiness.TestSafeMetricQuery" name="test_safe_metric_query_rollback_on_error" time="0.003" /><testcase classname="tests.test_consulting_readiness.TestSafeMetricQuery" name="test_safe_metric_query_success_returns_dicts" time="0.003" /><testcase classname="tests.test_consulting_readiness.TestSafeMetricQuery" name="test_safe_metric_query_sets_per_query_timeout" time="0.004" /><testcase classname="tests.test_consulting_readiness.TestSafeMetricQuery" name="test_commercial_metrics_independent_after_timeout" time="0.007" /><testcase classname="tests.test_contract_date_semantics.TestTransformDateSemantics" name="test_assinatura_only_not_confused_as_true_publication" time="0.002" /><testcase classname="tests.test_contract_date_semantics.TestTransformDateSemantics" name="test_publicacao_pncp_preferred_over_assinatura" time="0.002" /><testcase classname="tests.test_contract_date_semantics.TestTransformDateSemantics" name="test_generic_data_publicacao_fallback" time="0.002" /><testcase classname="tests.test_contract_date_semantics.TestTransformDateSemantics" name="test_no_dates_semantics_unknown" time="0.002" /><testcase classname="tests.test_contract_date_semantics.TestTransformDateSemantics" name="test_query_window_passthrough" time="0.002" /><testcase classname="tests.test_contract_date_semantics.TestValidateContractDates" name="test_missing_all_dates" time="0.002" /><testcase classname="tests.test_contract_date_semantics.TestValidateContractDates" name="test_future_date" time="0.003" /><testcase classname="tests.test_contract_date_semantics.TestValidateContractDates" name="test_future_grace_one_day_ok" time="0.002" /><testcase classname="tests.test_contract_date_semantics.TestValidateContractDates" name="test_assinatura_ne_publicacao" time="0.002" /><testcase classname="tests.test_contract_date_semantics.TestValidateContractDates" name="test_outside_query_window" time="0.002" /><testcase classname="tests.test_contract_date_semantics.TestValidateContractDates" name="test_inside_query_window_clean" time="0.002" /><testcase classname="tests.test_contract_date_semantics.TestValidateContractDates" name="test_unknown_semantics_skips_window_check" time="0.002" /><testcase classname="tests.test_contract_date_semantics.TestValidateContractDates" name="test_validate_on_transformed_row" time="0.002" /><testcase classname="tests.test_contract_intel_cli.TestConnection" name="test_sqlite_connection_with_temp_db" time="0.045" /><testcase classname="tests.test_contract_intel_cli.TestConnection" name="test_sqlite_connection_default_path" time="0.045" /><testcase classname="tests.test_contract_intel_cli.TestSeed" name="test_seed_populates_target_universe" time="0.455" /><testcase classname="tests.test_contract_intel_cli.TestStats" name="test_stats_on_empty_db" time="0.045" /><testcase classname="tests.test_contract_intel_cli.TestStats" name="test_stats_on_seeded_db" time="0.471" /><testcase classname="tests.test_contract_intel_cli.TestJsonOutput" name="test_json_output_valid" time="0.002" /><testcase classname="tests.test_contract_intel_cli.TestDbUnavailable" name="test_sqlite_fallback_when_no_dsn" time="0.007" /><testcase classname="tests.test_contract_intel_crawl.TestFetchStatus" name="test_all_statuses_distinct" time="0.002" /><testcase classname="tests.test_contract_intel_crawl.TestFetchStatus" name="test_success_zero_differs_from_connection_failed" time="0.002" /><testcase classname="tests.test_contract_intel_crawl.TestFetchStatus" name="test_success_data_differs_from_success_zero" time="0.002" /><testcase classname="tests.test_contract_intel_crawl.TestFetchResult" name="test_success_data_is_success" time="0.002" /><testcase classname="tests.test_contract_intel_crawl.TestFetchResult" name="test_success_zero_is_success_and_zero" time="0.003" /><testcase classname="tests.test_contract_intel_crawl.TestFetchResult" name="test_connection_failed_is_failure" time="0.002" /><testcase classname="tests.test_contract_intel_crawl.TestFetchResult" name="test_http_client_error_is_failure" time="0.002" /><testcase classname="tests.test_contract_intel_crawl.TestFetchResult" name="test_parse_failed_is_failure" time="0.003" /><testcase classname="tests.test_contract_intel_crawl.TestFetchResult" name="test_success_data_never_empty_list_on_failure" time="0.001" /><testcase classname="tests.test_contract_intel_crawl.TestFetchResult" name="test_evidence_state_mapping" time="0.002" /><testcase classname="tests.test_contract_intel_crawl.TestCrawlCheckpoint" name="test_fresh_checkpoint_empty" time="0.002" /><testcase classname="tests.test_contract_intel_crawl.TestCrawlCheckpoint" name="test_checkpoint_serialization_roundtrip" time="0.002" /><testcase classname="tests.test_contract_intel_crawl.TestCrawlCheckpoint" name="test_save_and_load_checkpoint" time="0.003" /><testcase classname="tests.test_contract_intel_crawl.TestCrawlCheckpoint" name="test_load_corrupt_checkpoint_returns_fresh" time="0.003" /><testcase classname="tests.test_contract_intel_crawl.TestCrawlCheckpoint" name="test_load_missing_checkpoint_returns_fresh" time="0.007" /><testcase classname="tests.test_contract_intel_crawl.TestUfNotDefaulted" name="test_uf_from_api_used_primarily" time="0.002" /><testcase classname="tests.test_contract_intel_crawl.TestUfNotDefaulted" name="test_uf_from_cnpj_lookup_used_secondary" time="0.002" /><testcase classname="tests.test_contract_intel_crawl.TestUfNotDefaulted" name="test_uf_never_defaults_to_sc" time="0.003" /><testcase classname="tests.test_contract_intel_crawl.TestUfNotDefaulted" name="test_uf_empty_string_treated_as_missing" time="0.002" /><testcase classname="tests.test_contract_intel_crawl.TestFetchPageMocked" name="test_fetch_page_success_with_data" time="0.003" /><testcase classname="tests.test_contract_intel_crawl.TestFetchPageMocked" name="test_fetch_page_success_zero" time="0.003" /><testcase classname="tests.test_contract_intel_crawl.TestFetchPageMocked" name="test_fetch_page_parse_failure" time="0.003" /><testcase classname="tests.test_contract_intel_crawl.TestFetchPageMocked" name="test_fetch_page_http_404_returns_client_error" time="0.002" /><testcase classname="tests.test_contract_intel_crawl.TestFetchPageMocked" name="test_fetch_page_connection_refused" time="6.003" /><testcase classname="tests.test_contract_intel_crawl.TestFetchPageMocked" name="test_fetch_page_http_500_with_retries" time="7.005" /><testcase classname="tests.test_contract_intel_target.TestHaversine" name="test_florianopolis_to_self_zero" time="0.002" /><testcase classname="tests.test_contract_intel_target.TestHaversine" name="test_florianopolis_to_joinville" time="0.002" /><testcase classname="tests.test_contract_intel_target.TestHaversine" name="test_florianopolis_to_porto_alegre" time="0.002" /><testcase classname="tests.test_contract_intel_target.TestHaversine" name="test_florianopolis_to_sao_paulo" time="0.003" /><testcase classname="tests.test_contract_intel_target.TestHaversine" name="test_symmetry" time="0.002" /><testcase classname="tests.test_contract_intel_target.TestTargetUniverse" name="test_empty_universe" time="0.002" /><testcase classname="tests.test_contract_intel_target.TestTargetUniverse" name="test_inclusion_rule_explicit" time="0.002" /><testcase classname="tests.test_contract_intel_target.TestTargetUniverse" name="test_summary_no_all_sc_shortcut" time="0.002" /><testcase classname="tests.test_contract_intel_target.TestTargetUniverse" name="test_entity_within_radius" time="0.002" /><testcase classname="tests.test_contract_intel_target.TestTargetUniverse" name="test_entity_outside_radius" time="0.002" /><testcase classname="tests.test_contract_intel_target.TestLoadTargetUniverse" name="test_load_from_spreadsheet" time="0.003" /><testcase classname="tests.test_contract_intel_target.TestLoadTargetUniverse" name="test_entities_without_coordinates_excluded" time="0.004" /><testcase classname="tests.test_contract_intel_target.TestLoadTargetUniverse" name="test_cnpj8_duplicates_counted" time="0.078" /><testcase classname="tests.test_contract_intel_target.TestLoadTargetUniverse" name="test_distance_recomputed_not_trusted" time="0.004" /><testcase classname="tests.test_contract_intel_target.TestLoadTargetUniverse" name="test_file_not_found_raises" time="0.003" /><testcase classname="tests.test_contract_intel_target.TestFilters" name="test_entities_within_radius" time="0.002" /><testcase classname="tests.test_contract_intel_target.TestFilters" name="test_unique_cnpj8_within" time="0.002" /><testcase classname="tests.test_contract_intel_target.TestFilters" name="test_unique_municipios_within" time="0.002" /><testcase classname="tests.test_contract_intel_target.TestFilters" name="test_no_all_sc_shortcut" time="0.002" /><testcase classname="tests.test_contract_intel_truth_v1.TestViewsExist" name="test_view_exists[v_contract_historical]" time="0.000"><skipped type="pytest.skip" message="Set REQUIRE_TEST_DB=1 to run database tests">/mnt/d/extra consultoria/.worktrees/full-suite-main/tests/test_contract_intel_truth_v1.py:216: Set REQUIRE_TEST_DB=1 to run database tests</skipped></testcase><testcase classname="tests.test_contract_intel_truth_v1.TestViewsExist" name="test_view_exists[v_supplier_winners]" time="0.000"><skipped type="pytest.skip" message="Set REQUIRE_TEST_DB=1 to run database tests">/mnt/d/extra consultoria/.worktrees/full-suite-main/tests/test_contract_intel_truth_v1.py:216: Set REQUIRE_TEST_DB=1 to run database tests</skipped></testcase><testcase classname="tests.test_contract_intel_truth_v1.TestViewsExist" name="test_view_exists[v_expiring_contracts]" time="0.000"><skipped type="pytest.skip" message="Set REQUIRE_TEST_DB=1 to run database tests">/mnt/d/extra consultoria/.worktrees/full-suite-main/tests/test_contract_intel_truth_v1.py:216: Set REQUIRE_TEST_DB=1 to run database tests</skipped></testcase><testcase classname="tests.test_contract_intel_truth_v1.TestViewsExist" name="test_view_exists[v_contract_intel_percentis]" time="0.000"><skipped type="pytest.skip" message="Set REQUIRE_TEST_DB=1 to run database tests">/mnt/d/extra consultoria/.worktrees/full-suite-main/tests/test_contract_intel_truth_v1.py:216: Set REQUIRE_TEST_DB=1 to run database tests</skipped></testcase><testcase classname="tests.test_contract_intel_truth_v1.TestHistorica
[...]
st_parse_page_div_layout" time="0.005" /><testcase classname="tests.test_transparencia_crawler.TestSeleniumBaseTemplate" name="test_parse_module_attributes" time="0.002" /><testcase classname="tests.test_unified_entity_matching.TestMatchEntitiesCascadeUnified" name="test_without_pncp_ids_finds_unmatched" time="0.004" /><testcase classname="tests.test_unified_entity_matching.TestMatchEntitiesCascadeUnified" name="test_with_pncp_ids_filter" time="0.005" /><testcase classname="tests.test_unified_entity_matching.TestMatchEntitiesCascadeUnified" name="test_empty_pncp_ids_returns_no_matches" time="0.005" /><testcase classname="tests.test_unified_entity_matching.TestMatchEntitiesCascadeUnified" name="test_no_unmatched_bids_returns_zeros" time="0.003" /><testcase classname="tests.test_unified_entity_matching.TestMatchEntity" name="test_exact_cnpj_14_digits" time="0.002" /><testcase classname="tests.test_unified_entity_matching.TestMatchEntity" name="test_no_match_returns_none" time="0.002" /><testcase classname="tests.test_unified_entity_matching.TestMatchEntity" name="test_empty_cnpj_returns_none" time="0.002" /><testcase classname="tests.test_unified_entity_matching.TestUpdateMatchedEntityFull" name="test_sets_all_fields" time="0.003" /><testcase classname="tests.test_unified_entity_matching.TestUpdateMatchedEntityFull" name="test_sets_unmatched_fields" time="0.004" /><testcase classname="tests.test_universe" name="test_canonical_constant_is_1093" time="0.002" /><testcase classname="tests.test_universe" name="test_normalize_cnpj8_clean" time="0.002" /><testcase classname="tests.test_universe" name="test_normalize_cnpj8_already_clean" time="0.002" /><testcase classname="tests.test_universe" name="test_normalize_cnpj8_truncates_to_8" time="0.002" /><testcase classname="tests.test_universe" name="test_normalize_cnpj8_short_is_preserved" time="0.002" /><testcase classname="tests.test_universe" name="test_normalize_cnpj8_empty_string" time="0.002" /><testcase classname="tests.test_universe" name="test_normalize_codigo_ibge_valid" time="0.002" /><testcase classname="tests.test_universe" name="test_normalize_codigo_ibge_invalid" time="0.002" /><testcase classname="tests.test_universe" name="test_normalize_cnpj8_non_digit_chars_only" time="0.002" /><testcase classname="tests.test_universe" name="test_normalize_cnpj8_mixed_content" time="0.002" /><testcase classname="tests.test_universe" name="test_coverage_within_bounds" time="0.002" /><testcase classname="tests.test_universe" name="test_numerator_not_exceed_denominator" time="0.004" /><testcase classname="tests.test_universe" name="test_no_negative_metrics" time="0.004" /><testcase classname="tests.test_upsert_contracts.TestUpsertRecordSchema" name="test_record_is_json_serializable" time="0.002" /><testcase classname="tests.test_upsert_contracts.TestUpsertRecordSchema" name="test_required_fields_present" time="0.002" /><testcase classname="tests.test_upsert_contracts.TestUpsertRecordSchema" name="test_field_types_are_compatible" time="0.002" /><testcase classname="tests.test_upsert_contracts.TestUpsertRecordSchema" name="test_contrato_id_is_unique_key" time="0.002" /><testcase classname="tests.test_upsert_contracts.TestUpsertEdgeCases" name="test_empty_record_list" time="0.002" /><testcase classname="tests.test_upsert_contracts.TestUpsertEdgeCases" name="test_record_without_fornecedor_cnpj_is_skipped" time="0.002" /><testcase classname="tests.test_upsert_contracts.TestUpsertEdgeCases" name="test_null_valor_total_is_valid" time="0.002" /><testcase classname="tests.test_value_semantics" name="test_source_value_types_pncp_not_preco_praticado" time="0.002" /><testcase classname="tests.test_value_semantics" name="test_labels_cover_all_enum" time="0.002" /><testcase classname="tests.test_value_semantics" name="test_calculate_desagio_happy_path" time="0.002" /><testcase classname="tests.test_value_semantics" name="test_calculate_desagio_invalid_returns_none" time="0.003" /><testcase classname="tests.test_value_semantics" name="test_compute_bid_contract_desagio" time="0.002" /><testcase classname="tests.test_value_semantics" name="test_aggregate_contract_values" time="0.002" /><testcase classname="tests.test_value_semantics" name="test_desagio_requires_comparable_semantics" time="0.002" /><testcase classname="tests.test_watermark.TestWatermarkManager" name="test_commit_calls_function" time="0.005" /><testcase classname="tests.test_watermark.TestWatermarkManager" name="test_commit_tracks_metrics" time="0.004" /><testcase classname="tests.test_watermark.TestWatermarkManager" name="test_get_last_returns_none_when_empty" time="0.005" /><testcase classname="tests.test_watermark.TestWatermarkManager" name="test_get_last_returns_value" time="0.005" /><testcase classname="tests.test_watermark.TestWatermarkManager" name="test_get_next_page_defaults_to_one" time="0.006" /><testcase classname="tests.test_watermark.TestWatermarkManager" name="test_get_next_page_with_overlap" time="0.004" /><testcase classname="tests.test_watermark.TestWatermarkManager" name="test_get_next_page_overlap_capped_at_1" time="0.004" /><testcase classname="tests.test_watermark.TestWatermarkManager" name="test_get_next_page_larger_overlap" time="0.005" /><testcase classname="tests.test_watermark.TestWatermarkManager" name="test_mark_in_progress" time="0.004" /><testcase classname="tests.test_watermark.TestWatermarkManager" name="test_check_stalled_no_stalled" time="0.007" /><testcase classname="tests.test_watermark.TestWatermarkManager" name="test_check_stalled_finds_stalled" time="0.005" /><testcase classname="tests.test_watermark.TestWatermarkManager" name="test_mark_stalled" time="0.005" /><testcase classname="tests.test_watermark.TestWatermarkManager" name="test_commit_failure_rolls_back" time="0.007" /><testcase classname="tests.test_watermark.TestStalledThreshold" name="test_threshold_value" time="0.003" /><testcase classname="tests.test_watermark.TestStalledThreshold" name="test_threshold_hours" time="0.002" /><testcase classname="tests.test_watermark_sync.TestWatermarkSync" name="test_watermark_read_returns_value_or_none" time="0.003" /><testcase classname="tests.test_watermark_sync.TestWatermarkSync" name="test_watermark_commit_returns_bool" time="0.003" /><testcase classname="tests.test_weekly_cycle" name="test_new_collection_id_format" time="0.002" /><testcase classname="tests.test_weekly_cycle" name="test_success_zero_requires_scope_complete" time="0.003" /><testcase classname="tests.test_weekly_cycle" name="test_absence_of_error_is_not_success_if_request_incomplete" time="0.002" /><testcase classname="tests.test_weekly_cycle" name="test_interrupted_is_failure" time="0.002" /><testcase classname="tests.test_weekly_cycle" name="test_blocked_when_source_unavailable" time="0.003" /><testcase classname="tests.test_weekly_cycle" name="test_reused_fresh_explicit" time="0.003" /><testcase classname="tests.test_weekly_cycle" name="test_collection_run_finish_payload" time="0.224" /><testcase classname="tests.test_weekly_cycle" name="test_unknown_metric_fails_closed" time="0.002" /><testcase classname="tests.test_weekly_cycle" name="test_forbidden_claim_on_proxy" time="0.002" /><testcase classname="tests.test_weekly_cycle" name="test_allowed_freshness_claim" time="0.002" /><testcase classname="tests.test_weekly_cycle" name="test_exit_tech_on_validate_fail" time="0.002" /><testcase classname="tests.test_weekly_cycle" name="test_exit_blocked_on_opp_blocked" time="0.226" /><testcase classname="tests.test_weekly_cycle" name="test_exit_ok_with_reused_and_products" time="0.219" /><testcase classname="tests.test_weekly_cycle" name="test_exit_unreliable_empty_without_success_zero" time="0.223" /><testcase classname="tests.test_weekly_cycle" name="test_partial_status_never_classifies_as_fresh" time="0.002" /><testcase classname="tests.test_weekly_cycle" name="test_complete_status_within_sla_is_fresh" time="0.002" /><testcase classname="tests.test_weekly_cycle" name="test_completed_with_scope_incomplete_is_not_fresh" time="0.003" /><testcase classname="tests.test_weekly_cycle" name="test_partial_collect_never_exit_ok_even_with_products" time="0.223" /><testcase classname="tests.test_weekly_cycle" name="test_strict_missing_excel_is_nonzero" time="0.234" /><testcase classname="tests.test_weekly_cycle" name="test_strict_delivery_ok_without_excel_flag_is_unreliable" time="0.226" /><testcase classname="tests.test_weekly_cycle" name="test_contract_claim_does_not_use_source_id_as_run_id" time="0.226" /><testcase classname="tests.test_weekly_cycle" name="test_claims_include_material_rows_with_cycle_collection" time="0.450" /><testcase classname="tests.test_weekly_cycle" name="test_extra_universe_scope_sql_targets_raio_200km" time="0.002" /><testcase classname="tests.test_weekly_cycle" name="test_identity_pick_match_rejects_cross_root" time="0.002" /><testcase classname="tests.test_weekly_cycle" name="test_weekly_cycle_offline_skip_collect" time="0.003"><skipped type="pytest.skip" message="Requires REQUIRE_REAL_DB=1 (real PostgreSQL; mock breaks manifest)">/mnt/d/extra consultoria/.worktrees/full-suite-main/tests/test_weekly_cycle.py:601: Requires REQUIRE_REAL_DB=1 (real PostgreSQL; mock breaks manifest)</skipped></testcase><testcase classname="tests.unit.coverage.test_coverage_contract" name="test_metric_ids_are_correct" time="0.002" /><testcase classname="tests.unit.coverage.test_coverage_contract" name="test_commercial_signal_is_not_labeled_coverage" time="0.002" /><testcase classname="tests.unit.coverage.test_coverage_contract" name="test_headline_is_commercial_signal_not_coverage" time="0.002" /><testcase classname="tests.unit.coverage.test_coverage_contract" name="test_legacy_alias_is_not_coverage" time="0.003" /><testcase classname="tests.unit.coverage.test_coverage_contract" name="test_denominator_fixed_from_csv" time="0.014" /><testcase classname="tests.unit.coverage.test_coverage_contract" name="test_denominator_never_changed_to_improve_pct" time="0.005" /><testcase classname="tests.unit.coverage.test_coverage_contract" name="test_sla_config_loads" time="0.008" /><testcase classname="tests.unit.coverage.test_coverage_contract" name="test_sla_config_missing_file_uses_defaults" time="0.003" /><testcase classname="tests.unit.coverage.test_coverage_contract" name="test_decision_fields_match_contract" time="0.002" /><testcase classname="tests.unit.coverage.test_coverage_contract" name="test_completeness_handles_missing_fields_as_explicit_absence" time="0.002" /><testcase classname="tests.unit.coverage.test_coverage_contract" name="test_completeness_full_record" time="0.003" /><testcase classname="tests.unit.coverage.test_coverage_contract" name="test_source_mapping_not_ready_without_registry" time="0.003" /><testcase classname="tests.unit.coverage.test_coverage_contract" name="test_source_mapping_from_registry" time="0.022" /><testcase classname="tests.unit.coverage.test_coverage_contract" name="test_opportunity_recall_not_ready_without_sample" time="0.003" /><testcase classname="tests.unit.coverage.test_coverage_contract" name="test_opportunity_recall_from_stratified_sample" time="0.004" /><testcase classname="tests.unit.coverage.test_coverage_contract" name="test_report_schema_has_all_required_metric_keys" time="0.146" /><testcase classname="tests.unit.coverage.test_coverage_contract" name="test_format_report_table_marks_commercial_not_coverage" time="0.148" /><testcase classname="tests.unit.coverage.test_coverage_contract_adversarial" name="test_m2_excludes_collected_even_with_recent_pipeline_evidence" time="0.010" /><testcase classname="tests.unit.coverage.test_coverage_contract_adversarial" name="test_m2_requires_verified_stage_and_auditable_provenance" time="0.011" /><testcase classname="tests.unit.coverage.test_coverage_contract_adversarial" name="test_m2_excludes_verified_record_outside_its_sla" time="0.012" /><testcase classname="tests.unit.coverage.test_coverage_contract_adversarial" name="test_m2_counts_distinct_canonical_entities" time="0.013" /><testcase classname="tests.unit.coverage.test_coverage_contract_adversarial" name="test_m2_proxy_fallback_is_not_ready" time="0.010" /><testcase classname="tests.unit.coverage.test_recall_benchmark_adversarial" name="test_unlabeled_items_do_not_disappear_from_denominator" time="0.002" /><testcase classname="tests.unit.coverage.test_recall_benchmark_adversarial" name="test_capture_requires_evidence" time="0.002" /><testcase classname="tests.unit.coverage.test_recall_benchmark_adversarial" name="test_miss_requires_classified_reason" time="0.002" /><testcase classname="tests.unit.crawl.test_transformer_esfera" name="test_esfera_letter_m_to_3" time="0.002" /><testcase classname="tests.unit.crawl.test_transformer_esfera" name="test_esfera_letter_e_to_2" time="0.003" /><testcase classname="tests.unit.crawl.test_transformer_esfera" name="test_esfera_letter_f_to_1" time="0.002" /><testcase classname="tests.unit.crawl.test_transformer_esfera" name="test_esfera_n_becomes_null" time="0.002" /><testcase classname="tests.unit.entity_identity.test_pncp_orgao_resolve_identity" name="test_prefers_same_cnpj8_prefix" time="0.002" /><testcase classname="tests.unit.entity_identity.test_pncp_orgao_resolve_identity" name="test_rejects_cross_root_name_exact" time="0.002" /><testcase classname="tests.unit.entity_identity.test_pncp_orgao_resolve_identity" name="test_rejects_cross_root_token_containment" time="0.002" /><testcase classname="tests.unit.ops.test_resolve_cnpj14_matriz" name="test_known_public_entity_comcap" time="0.002" /><testcase classname="tests.unit.ops.test_resolve_cnpj14_matriz" name="test_check_digits_length" time="0.003" /><testcase classname="tests.unit.ops.test_resolve_cnpj14_matriz" name="test_soft_name_match_prefeitura" time="0.002" /><testcase classname="tests.unit.ops.test_resolve_cnpj14_matriz" name="test_soft_name_empty_api_allows" time="0.002" /><testcase classname="tests.unit.source_registry.test_builder.TestBuildRegistry" name="test_builds_exactly_1093_records" time="0.365" /><testcase classname="tests.unit.source_registry.test_builder.TestBuildRegistry" name="test_every_record_has_access_status_and_next_action" time="0.003" /><testcase classname="tests.unit.source_registry.test_builder.TestBuildRegistry" name="test_no_entity_missing" time="0.004" /><testcase classname="tests.unit.source_registry.test_builder.TestBuildRegistry" name="test_all_have_pncp_platform_seed" time="0.002" /><testcase classname="tests.unit.source_registry.test_builder.TestBuildRegistry" name="test_municipal_have_ciga_or_dom" time="0.003" /><testcase classname="tests.unit.source_registry.test_builder.TestBuildRegistry" name="test_summary_counts" time="0.007" /><testcase classname="tests.unit.source_registry.test_builder.TestBuildRegistry" name="test_find_by_cnpj" time="0.003" /><testcase classname="tests.unit.source_registry.test_builder.TestBuildRegistry" name="test_to_dict_roundtrip" time="0.002" /><testcase classname="tests.unit.source_registry.test_builder.TestGapReport" name="test_gap_report_groups_by_blocker" time="0.038" /><testcase classname="tests.unit.source_registry.test_builder.TestGapReport" name="test_gap_rows_exclude_operational" time="0.002" /><testcase classname="tests.unit.source_registry.test_builder.TestAcquisitionStrategies" name="test_pncp_orgao_probe_local_hit_updates_status" time="0.002" /><testcase classname="tests.unit.source_registry.test_builder.TestAcquisitionStrategies" name="test_pncp_orgao_probe_records_miss_evidence" time="0.002" /><testcase classname="tests.unit.source_registry.test_builder.TestAcquisitionStrategies" name="test_ciga_municipio_expand_links_all_municipal" time="0.003" /><testcase classname="tests.unit.source_registry.test_persistence" name="test_record_to_row_preserves_explicit_unknowns_and_evidence" time="0.002" /><testcase classname="tests.unit.source_registry.test_promote_from_evidence" name="test_promote_sets_verified_strict_operational_with_provenance" time="0.009" /><testcase classname="tests.unit.source_registry.test_promote_from_evidence" name="test_promote_skips_without_provenance" time="0.011" /><testcase classname="tests.unit.source_registry.test_promote_from_evidence" name="test_normalize_blockers_eliminates_none" time="0.002" /><testcase classname="tests.unit.source_registry.test_promote_from_evidence" name="test_derive_blocker_never_none_for_gaps" time="0.002" /><testcase classname="tests.unit.source_registry.test_promote_from_evidence" name="test_promote_rejects_ambiguous_cnpj_root" time="0.010" /><testcase classname="tests.unit.source_registry.test_promote_from_evidence" name="test_resolve_provenance_from_real_pncp_artifact" time="0.051" /><testcase classname="tests.unit.test_dod_unit_evidence_pack" name="test_manifest_and_pytest_exit_zero" time="0.012"><failure message="FileNotFoundError: [Errno 2] No such file or directory: '/mnt/d/extra consultoria/.worktrees/full-suite-main/docs/ops/session-2026-07-17-dod-unit-evidence/pytest-pack.log'">tests/unit/test_dod_unit_evidence_pack.py:13: in test_manifest_and_pytest_exit_zero
    log = (PACK / "pytest-pack.log").read_text(encoding="utf-8")
          ^^^^^^^^^^^^^^^^^^^^^^^^^^^^^^^^^^^^^^^^^^^^^^^^^^^^^^
/usr/lib/python3.12/pathlib.py:1029: in read_text
    with self.open(mode='r', encoding=encoding, errors=errors) as f:
         ^^^^^^^^^^^^^^^^^^^^^^^^^^^^^^^^^^^^^^^^^^^^^^^^^^^^^
/usr/lib/python3.12/pathlib.py:1015: in open
    return io.open(self, mode, buffering, encoding, errors, newline)
           ^^^^^^^^^^^^^^^^^^^^^^^^^^^^^^^^^^^^^^^^^^^^^^^^^^^^^^^^^
E   FileNotFoundError: [Errno 2] No such file or directory: '/mnt/d/extra consultoria/.worktrees/full-suite-main/docs/ops/session-2026-07-17-dod-unit-evidence/pytest-pack.log'</failure></testcase><testcase classname="tests.unit.test_dod_unit_evidence_pack" name="test_proposed_flips_nonempty" time="0.008" /><testcase classname="tests.unit.workspace.test_cli_parser.TestWorkspaceParser" name="test_all_subcommands_registered" time="0.019" /><testcase classname="tests.unit.workspace.test_cli_parser.TestWorkspaceParser" name="test_today_parses" time="0.007" /><testcase classname="tests.unit.workspace.test_cli_parser.TestWorkspaceParser" name="test_opportunities_filters" time="0.009" /><testcase classname="tests.unit.workspace.test_cli_parser.TestWorkspaceParser" name="test_dossier_id" time="0.008" /><testcase classname="tests.unit.workspace.test_cli_parser.TestWorkspaceParser" name="test_edital_analyze" time="0.007" /><testcase classname="tests.unit.workspace.test_cli_parser.TestWorkspaceParser" name="test_proposal_support" time="0.007" /><testcase classname="tests.unit.workspace.test_cli_parser.TestWorkspaceParser" name="test_decide_required" time="0.008" /><testcase classname="tests.unit.workspace.test_cli_parser.TestWorkspaceParser" name="test_report_kinds" time="0.008" /><testcase classname="tests.unit.workspace.test_cli_parser.TestWorkspaceParser" name="test_expiring_contracts_command" time="0.009" /><testcase classname="tests.unit.workspace.test_cli_parser.TestWorkspaceParser" name="test_no_command_leaves_none" time="0.008" /><testcase classname="tests.unit.workspace.test_today_offline.TestTodayOffline" name="test_build_today_never_raises" time="0.129" /><testcase classname="tests.unit.workspace.test_today_offline.TestTodayOffline" name="test_sections_have_status" time="0.124" /><testcase classname="tests.unit.workspace.test_today_offline.TestTodayOffline" name="test_pending_profile_section_present" time="0.130" /><testcase classname="tests.unit.workspace.test_today_offline.TestTodayOffline" name="test_session_fallback_or_unavailable_honest" time="0.131" /><testcase classname="tests.unit.workspace.test_today_offline.TestTodayOffline" name="test_cmd_today_json_stdout" time="0.151" /><testcase classname="tests.unit.workspace.test_today_offline.TestTodayOffline" name="test_cmd_today_text_stdout" time="0.146" /></testsuite></testsuites>