============================= test session starts ==============================
platform linux -- Python 3.12.3, pytest-8.4.1, pluggy-1.6.0
benchmark: 5.2.3 (defaults: timer=time.perf_counter disable_gc=False min_rounds=5 min_time=0.000005 max_time=1.0 calibration_precision=10 warmup=False warmup_iterations=100000)
rootdir: /mnt/d/extra-cli
configfile: pytest.ini
plugins: benchmark-5.2.3, html-4.2.0, hypothesis-6.152.7, repeat-0.9.4, Faker-37.4.2, timeout-2.4.0, asyncio-1.1.0, mock-3.15.1, metadata-3.1.1, cov-4.1.0, anyio-4.2.0
asyncio: mode=Mode.STRICT, asyncio_default_fixture_loop_scope=None, asyncio_default_test_loop_scope=function
collected 80 items

tests/confenge_account_intelligence/test_catalog.py ..                   [  2%]
tests/confenge_account_intelligence/test_cli.py ...                      [  6%]
tests/confenge_account_intelligence/test_message_spine.py ...            [ 10%]
tests/confenge_account_intelligence/test_pipeline_golden.py ....         [ 15%]
tests/confenge_account_intelligence/test_policy.py ....                  [ 20%]
tests/confenge_account_intelligence/test_router_no_reajuste_default.py . [ 21%]
........                                                                 [ 31%]
tests/confenge_account_intelligence/test_ten_family_e2e.py ...........   [ 45%]
tests/confenge_outreach_pipeline/test_near_duplicate.py .....            [ 51%]
tests/confenge_outreach_pipeline/test_pipeline.py ......                 [ 58%]
tests/confenge_service_contract/test_service_v1.py ......                [ 66%]
tests/confenge_contact_resolution/test_mailbox_purpose_and_send_ready.py . [ 67%]
...............                                                          [ 86%]
tests/confenge_universe/test_target_fit_adversarial.py ...........       [100%]

============================== 80 passed in 4.82s ==============================
