============================= test session starts ==============================
platform linux -- Python 3.12.3, pytest-8.4.1
collected 523 items

pack unit suite (historical evidence for ROI-cand-dod-unit-test-evidence-pack)
........................................................................ [ 13%]
........................................................................ [ 27%]
........................................................................ [ 41%]
........................................................................ [ 55%]
........................................................................ [ 69%]
........................................................................ [ 83%]
........................................................................ [ 97%]
...........                                                              [100%]

======================= 511 passed, 12 skipped in 42.00s =======================
